mode: atomic
github.com/seredavin/helmfile-validate/pkg/helmfile/cluster/version.go:13.70,16.22 2 2
github.com/seredavin/helmfile-validate/pkg/helmfile/cluster/version.go:16.22,18.3 1 1
github.com/seredavin/helmfile-validate/pkg/helmfile/cluster/version.go:20.2,21.19 2 2
github.com/seredavin/helmfile-validate/pkg/helmfile/cluster/version.go:21.19,23.3 1 0
github.com/seredavin/helmfile-validate/pkg/helmfile/cluster/version.go:25.2,29.16 2 2
github.com/seredavin/helmfile-validate/pkg/helmfile/cluster/version.go:29.16,31.3 1 1
github.com/seredavin/helmfile-validate/pkg/helmfile/cluster/version.go:34.2,35.16 2 1
github.com/seredavin/helmfile-validate/pkg/helmfile/cluster/version.go:35.16,37.3 1 0
github.com/seredavin/helmfile-validate/pkg/helmfile/cluster/version.go:40.2,41.16 2 1
github.com/seredavin/helmfile-validate/pkg/helmfile/cluster/version.go:41.16,43.3 1 1
github.com/seredavin/helmfile-validate/pkg/helmfile/cluster/version.go:47.2,48.43 2 0
github.com/seredavin/helmfile-validate/pkg/helmfile/cluster/version.go:48.43,50.3 1 0
github.com/seredavin/helmfile-validate/pkg/helmfile/cluster/version.go:52.2,52.21 1 0
github.com/seredavin/helmfile-validate/pkg/helmfile/environment/environment.go:20.36,27.2 1 1
github.com/seredavin/helmfile-validate/pkg/helmfile/environment/environment.go:29.45,31.16 2 3
github.com/seredavin/helmfile-validate/pkg/helmfile/environment/environment.go:31.16,32.13 1 0
github.com/seredavin/helmfile-validate/pkg/helmfile/environment/environment.go:34.2,35.61 2 3
github.com/seredavin/helmfile-validate/pkg/helmfile/environment/environment.go:35.61,36.13 1 0
github.com/seredavin/helmfile-validate/pkg/helmfile/environment/environment.go:38.2,39.16 2 3
github.com/seredavin/helmfile-validate/pkg/helmfile/environment/environment.go:39.16,40.13 1 0
github.com/seredavin/helmfile-validate/pkg/helmfile/environment/environment.go:43.2,44.16 2 3
github.com/seredavin/helmfile-validate/pkg/helmfile/environment/environment.go:44.16,45.13 1 0
github.com/seredavin/helmfile-validate/pkg/helmfile/environment/environment.go:47.2,48.65 2 3
github.com/seredavin/helmfile-validate/pkg/helmfile/environment/environment.go:48.65,49.13 1 0
github.com/seredavin/helmfile-validate/pkg/helmfile/environment/environment.go:51.2,52.16 2 3
github.com/seredavin/helmfile-validate/pkg/helmfile/environment/environment.go:52.16,53.13 1 0
github.com/seredavin/helmfile-validate/pkg/helmfile/environment/environment.go:56.2,61.3 1 3
github.com/seredavin/helmfile-validate/pkg/helmfile/environment/environment.go:64.71,65.14 1 2
github.com/seredavin/helmfile-validate/pkg/helmfile/environment/environment.go:65.14,66.19 1 0
github.com/seredavin/helmfile-validate/pkg/helmfile/environment/environment.go:66.19,69.4 2 0
github.com/seredavin/helmfile-validate/pkg/helmfile/environment/environment.go:70.3,70.18 1 0
github.com/seredavin/helmfile-validate/pkg/helmfile/environment/environment.go:72.2,73.18 2 2
github.com/seredavin/helmfile-validate/pkg/helmfile/environment/environment.go:73.18,74.71 1 2
github.com/seredavin/helmfile-validate/pkg/helmfile/environment/environment.go:74.71,76.4 1 0
github.com/seredavin/helmfile-validate/pkg/helmfile/environment/environment.go:78.2,78.19 1 2
github.com/seredavin/helmfile-validate/pkg/helmfile/environment/environment.go:81.65,90.16 5 1
github.com/seredavin/helmfile-validate/pkg/helmfile/environment/environment.go:90.16,92.3 1 0
github.com/seredavin/helmfile-validate/pkg/helmfile/environment/environment.go:94.2,94.18 1 1
github.com/seredavin/helmfile-validate/pkg/helmfile/argparser/args.go:19.34,21.2 1 8
github.com/seredavin/helmfile-validate/pkg/helmfile/argparser/args.go:24.46,26.27 2 4
github.com/seredavin/helmfile-validate/pkg/helmfile/argparser/args.go:26.27,27.19 1 20
github.com/seredavin/helmfile-validate/pkg/helmfile/argparser/args.go:27.19,29.4 1 11
github.com/seredavin/helmfile-validate/pkg/helmfile/argparser/args.go:31.2,31.16 1 4
github.com/seredavin/helmfile-validate/pkg/helmfile/argparser/args.go:35.57,37.20 1 8
github.com/seredavin/helmfile-validate/pkg/helmfile/argparser/args.go:37.20,39.3 1 1
github.com/seredavin/helmfile-validate/pkg/helmfile/argparser/args.go:40.2,40.37 1 7
github.com/seredavin/helmfile-validate/pkg/helmfile/argparser/args.go:40.37,44.3 3 5
github.com/seredavin/helmfile-validate/pkg/helmfile/argparser/args.go:44.8,47.3 2 2
github.com/seredavin/helmfile-validate/pkg/helmfile/argparser/args.go:51.26,53.2 1 2
github.com/seredavin/helmfile-validate/pkg/helmfile/argparser/args.go:55.43,57.35 2 3
github.com/seredavin/helmfile-validate/pkg/helmfile/argparser/args.go:57.35,58.20 1 4
github.com/seredavin/helmfile-validate/pkg/helmfile/argparser/args.go:58.20,59.12 1 0
github.com/seredavin/helmfile-validate/pkg/helmfile/argparser/args.go:61.3,61.21 1 4
github.com/seredavin/helmfile-validate/pkg/helmfile/argparser/args.go:61.21,63.23 2 3
github.com/seredavin/helmfile-validate/pkg/helmfile/argparser/args.go:63.23,67.5 3 1
github.com/seredavin/helmfile-validate/pkg/helmfile/argparser/args.go:67.10,69.32 1 2
github.com/seredavin/helmfile-validate/pkg/helmfile/argparser/args.go:69.32,71.28 2 1
github.com/seredavin/helmfile-validate/pkg/helmfile/argparser/args.go:71.28,73.7 1 0
github.com/seredavin/helmfile-validate/pkg/helmfile/argparser/args.go:73.12,75.7 1 1
github.com/seredavin/helmfile-validate/pkg/helmfile/argparser/args.go:76.11,78.6 1 1
github.com/seredavin/helmfile-validate/pkg/helmfile/argparser/args.go:84.40,88.37 4 0
github.com/seredavin/helmfile-validate/pkg/helmfile/argparser/args.go:88.37,91.27 2 0
github.com/seredavin/helmfile-validate/pkg/helmfile/argparser/args.go:91.27,92.21 1 0
github.com/seredavin/helmfile-validate/pkg/helmfile/argparser/args.go:92.21,93.22 1 0
github.com/seredavin/helmfile-validate/pkg/helmfile/argparser/args.go:93.22,95.6 1 0
github.com/seredavin/helmfile-validate/pkg/helmfile/argparser/args.go:95.11,97.6 1 0
github.com/seredavin/helmfile-validate/pkg/helmfile/argparser/args.go:98.10,100.5 1 0
github.com/seredavin/helmfile-validate/pkg/helmfile/argparser/args.go:103.2,103.15 1 0
github.com/seredavin/helmfile-validate/pkg/helmfile/app/version/version.go:9.23,12.38 2 1
github.com/seredavin/helmfile-validate/pkg/helmfile/app/version/version.go:12.38,14.3 1 1
github.com/seredavin/helmfile-validate/pkg/helmfile/app/version/version.go:15.2,15.23 1 0
github.com/seredavin/helmfile-validate/pkg/helmfile/event/bus.go:45.89,46.23 1 14
github.com/seredavin/helmfile-validate/pkg/helmfile/event/bus.go:46.23,54.3 1 0
github.com/seredavin/helmfile-validate/pkg/helmfile/event/bus.go:56.2,58.33 2 14
github.com/seredavin/helmfile-validate/pkg/helmfile/event/bus.go:58.33,60.33 2 13
github.com/seredavin/helmfile-validate/pkg/helmfile/event/bus.go:60.33,62.4 1 13
github.com/seredavin/helmfile-validate/pkg/helmfile/event/bus.go:63.3,63.17 1 13
github.com/seredavin/helmfile-validate/pkg/helmfile/event/bus.go:63.17,64.12 1 1
github.com/seredavin/helmfile-validate/pkg/helmfile/event/bus.go:67.3,70.17 3 12
github.com/seredavin/helmfile-validate/pkg/helmfile/event/bus.go:70.17,71.27 1 1
github.com/seredavin/helmfile-validate/pkg/helmfile/event/bus.go:71.27,73.5 1 1
github.com/seredavin/helmfile-validate/pkg/helmfile/event/bus.go:73.10,75.5 1 0
github.com/seredavin/helmfile-validate/pkg/helmfile/event/bus.go:78.3,78.26 1 12
github.com/seredavin/helmfile-validate/pkg/helmfile/event/bus.go:78.26,79.26 1 8
github.com/seredavin/helmfile-validate/pkg/helmfile/event/bus.go:79.26,81.5 1 2
github.com/seredavin/helmfile-validate/pkg/helmfile/event/bus.go:82.4,83.53 2 8
github.com/seredavin/helmfile-validate/pkg/helmfile/event/bus.go:83.53,84.53 1 5
github.com/seredavin/helmfile-validate/pkg/helmfile/event/bus.go:84.53,86.6 1 1
github.com/seredavin/helmfile-validate/pkg/helmfile/event/bus.go:87.5,87.53 1 4
github.com/seredavin/helmfile-validate/pkg/helmfile/event/bus.go:88.10,88.61 1 3
github.com/seredavin/helmfile-validate/pkg/helmfile/event/bus.go:88.61,90.5 1 1
github.com/seredavin/helmfile-validate/pkg/helmfile/event/bus.go:90.10,92.5 1 2
github.com/seredavin/helmfile-validate/pkg/helmfile/event/bus.go:95.3,105.29 3 9
github.com/seredavin/helmfile-validate/pkg/helmfile/event/bus.go:105.29,107.4 1 18
github.com/seredavin/helmfile-validate/pkg/helmfile/event/bus.go:108.3,113.17 4 9
github.com/seredavin/helmfile-validate/pkg/helmfile/event/bus.go:113.17,115.4 1 0
github.com/seredavin/helmfile-validate/pkg/helmfile/event/bus.go:117.3,118.33 2 9
github.com/seredavin/helmfile-validate/pkg/helmfile/event/bus.go:118.33,120.18 2 16
github.com/seredavin/helmfile-validate/pkg/helmfile/event/bus.go:120.18,122.5 1 0
github.com/seredavin/helmfile-validate/pkg/helmfile/event/bus.go:125.3,127.20 3 9
github.com/seredavin/helmfile-validate/pkg/helmfile/event/bus.go:127.20,130.4 2 4
github.com/seredavin/helmfile-validate/pkg/helmfile/event/bus.go:132.3,132.17 1 9
github.com/seredavin/helmfile-validate/pkg/helmfile/event/bus.go:132.17,134.4 1 2
github.com/seredavin/helmfile-validate/pkg/helmfile/event/bus.go:136.3,136.18 1 7
github.com/seredavin/helmfile-validate/pkg/helmfile/event/bus.go:139.2,139.22 1 9
github.com/seredavin/helmfile-validate/pkg/helmfile/filesystem/fs.go:20.40,20.58 1 0
github.com/seredavin/helmfile-validate/pkg/helmfile/filesystem/fs.go:21.40,21.58 1 0
github.com/seredavin/helmfile-validate/pkg/helmfile/filesystem/fs.go:22.40,22.58 1 3
github.com/seredavin/helmfile-validate/pkg/helmfile/filesystem/fs.go:23.40,23.61 1 0
github.com/seredavin/helmfile-validate/pkg/helmfile/filesystem/fs.go:24.40,24.66 1 0
github.com/seredavin/helmfile-validate/pkg/helmfile/filesystem/fs.go:25.40,25.54 1 0
github.com/seredavin/helmfile-validate/pkg/helmfile/filesystem/fs.go:44.38,63.2 9 7
github.com/seredavin/helmfile-validate/pkg/helmfile/filesystem/fs.go:65.52,68.28 2 4
github.com/seredavin/helmfile-validate/pkg/helmfile/filesystem/fs.go:68.28,70.3 1 0
github.com/seredavin/helmfile-validate/pkg/helmfile/filesystem/fs.go:71.2,71.27 1 4
github.com/seredavin/helmfile-validate/pkg/helmfile/filesystem/fs.go:71.27,73.3 1 0
github.com/seredavin/helmfile-validate/pkg/helmfile/filesystem/fs.go:74.2,74.30 1 4
github.com/seredavin/helmfile-validate/pkg/helmfile/filesystem/fs.go:74.30,76.3 1 0
github.com/seredavin/helmfile-validate/pkg/helmfile/filesystem/fs.go:77.2,77.30 1 4
github.com/seredavin/helmfile-validate/pkg/helmfile/filesystem/fs.go:77.30,79.3 1 0
github.com/seredavin/helmfile-validate/pkg/helmfile/filesystem/fs.go:80.2,80.24 1 4
github.com/seredavin/helmfile-validate/pkg/helmfile/filesystem/fs.go:80.24,82.3 1 0
github.com/seredavin/helmfile-validate/pkg/helmfile/filesystem/fs.go:83.2,83.32 1 4
github.com/seredavin/helmfile-validate/pkg/helmfile/filesystem/fs.go:83.32,85.3 1 0
github.com/seredavin/helmfile-validate/pkg/helmfile/filesystem/fs.go:86.2,86.37 1 4
github.com/seredavin/helmfile-validate/pkg/helmfile/filesystem/fs.go:86.37,88.3 1 0
github.com/seredavin/helmfile-validate/pkg/helmfile/filesystem/fs.go:89.2,89.24 1 4
github.com/seredavin/helmfile-validate/pkg/helmfile/filesystem/fs.go:89.24,91.3 1 4
github.com/seredavin/helmfile-validate/pkg/helmfile/filesystem/fs.go:92.2,92.25 1 4
github.com/seredavin/helmfile-validate/pkg/helmfile/filesystem/fs.go:92.25,94.3 1 4
github.com/seredavin/helmfile-validate/pkg/helmfile/filesystem/fs.go:95.2,95.25 1 4
github.com/seredavin/helmfile-validate/pkg/helmfile/filesystem/fs.go:95.25,97.3 1 0
github.com/seredavin/helmfile-validate/pkg/helmfile/filesystem/fs.go:98.2,98.23 1 4
github.com/seredavin/helmfile-validate/pkg/helmfile/filesystem/fs.go:98.23,100.3 1 0
github.com/seredavin/helmfile-validate/pkg/helmfile/filesystem/fs.go:101.2,101.32 1 4
github.com/seredavin/helmfile-validate/pkg/helmfile/filesystem/fs.go:101.32,103.3 1 4
github.com/seredavin/helmfile-validate/pkg/helmfile/filesystem/fs.go:104.2,104.23 1 4
github.com/seredavin/helmfile-validate/pkg/helmfile/filesystem/fs.go:104.23,106.3 1 0
github.com/seredavin/helmfile-validate/pkg/helmfile/filesystem/fs.go:107.2,107.27 1 4
github.com/seredavin/helmfile-validate/pkg/helmfile/filesystem/fs.go:107.27,109.3 1 0
github.com/seredavin/helmfile-validate/pkg/helmfile/filesystem/fs.go:110.2,110.12 1 4
github.com/seredavin/helmfile-validate/pkg/helmfile/filesystem/fs.go:113.70,114.17 1 0
github.com/seredavin/helmfile-validate/pkg/helmfile/filesystem/fs.go:114.17,116.3 1 0
github.com/seredavin/helmfile-validate/pkg/helmfile/filesystem/fs.go:117.2,117.22 1 0
github.com/seredavin/helmfile-validate/pkg/helmfile/filesystem/fs.go:120.69,121.17 1 2
github.com/seredavin/helmfile-validate/pkg/helmfile/filesystem/fs.go:121.17,123.3 1 1
github.com/seredavin/helmfile-validate/pkg/helmfile/filesystem/fs.go:124.2,124.26 1 1
github.com/seredavin/helmfile-validate/pkg/helmfile/filesystem/fs.go:127.69,129.16 2 3
github.com/seredavin/helmfile-validate/pkg/helmfile/filesystem/fs.go:129.16,131.3 1 0
github.com/seredavin/helmfile-validate/pkg/helmfile/filesystem/fs.go:132.2,133.50 2 3
github.com/seredavin/helmfile-validate/pkg/helmfile/filesystem/fs.go:136.76,138.16 2 2
github.com/seredavin/helmfile-validate/pkg/helmfile/filesystem/fs.go:138.16,139.25 1 0
github.com/seredavin/helmfile-validate/pkg/helmfile/filesystem/fs.go:139.25,141.4 1 0
github.com/seredavin/helmfile-validate/pkg/helmfile/filesystem/fs.go:142.3,142.20 1 0
github.com/seredavin/helmfile-validate/pkg/helmfile/filesystem/fs.go:144.2,145.16 2 2
github.com/seredavin/helmfile-validate/pkg/helmfile/filesystem/fs.go:145.16,146.25 1 1
github.com/seredavin/helmfile-validate/pkg/helmfile/filesystem/fs.go:146.25,148.4 1 0
github.com/seredavin/helmfile-validate/pkg/helmfile/filesystem/fs.go:149.3,149.20 1 1
github.com/seredavin/helmfile-validate/pkg/helmfile/filesystem/fs.go:151.2,151.18 1 1
github.com/seredavin/helmfile-validate/pkg/helmfile/filesystem/fs.go:154.72,156.16 2 2
github.com/seredavin/helmfile-validate/pkg/helmfile/filesystem/fs.go:156.16,158.3 1 0
github.com/seredavin/helmfile-validate/pkg/helmfile/filesystem/fs.go:159.2,160.46 2 2
github.com/seredavin/helmfile-validate/pkg/helmfile/filesystem/fs.go:163.76,164.54 1 12
github.com/seredavin/helmfile-validate/pkg/helmfile/filesystem/fs.go:164.54,166.17 2 2
github.com/seredavin/helmfile-validate/pkg/helmfile/filesystem/fs.go:166.17,168.4 1 0
github.com/seredavin/helmfile-validate/pkg/helmfile/filesystem/fs.go:170.3,171.17 2 2
github.com/seredavin/helmfile-validate/pkg/helmfile/filesystem/fs.go:171.17,173.4 1 0
github.com/seredavin/helmfile-validate/pkg/helmfile/filesystem/fs.go:174.3,175.17 2 2
github.com/seredavin/helmfile-validate/pkg/helmfile/filesystem/fs.go:175.17,177.4 1 1
github.com/seredavin/helmfile-validate/pkg/helmfile/filesystem/fs.go:178.3,178.19 1 1
github.com/seredavin/helmfile-validate/pkg/helmfile/filesystem/fs.go:180.2,180.18 1 10
github.com/seredavin/helmfile-validate/pkg/helmfile/filesystem/fs.go:183.71,185.16 2 0
github.com/seredavin/helmfile-validate/pkg/helmfile/filesystem/fs.go:185.16,187.3 1 0
github.com/seredavin/helmfile-validate/pkg/helmfile/filesystem/fs.go:188.2,188.27 1 0
github.com/seredavin/helmfile-validate/pkg/helmfile/filesystem/fs.go:192.76,194.2 1 0
github.com/seredavin/helmfile-validate/pkg/helmfile/exectest/helm.go:23.34,25.2 1 0
github.com/seredavin/helmfile-validate/pkg/helmfile/exectest/helm.go:70.50,71.38 1 0
github.com/seredavin/helmfile-validate/pkg/helmfile/exectest/helm.go:71.38,73.3 1 0
github.com/seredavin/helmfile-validate/pkg/helmfile/exectest/helm.go:74.2,76.37 2 0
github.com/seredavin/helmfile-validate/pkg/helmfile/exectest/helm.go:76.37,78.13 2 0
github.com/seredavin/helmfile-validate/pkg/helmfile/exectest/helm.go:78.13,79.42 1 0
github.com/seredavin/helmfile-validate/pkg/helmfile/exectest/helm.go:79.42,81.5 1 0
github.com/seredavin/helmfile-validate/pkg/helmfile/exectest/helm.go:84.2,84.12 1 0
github.com/seredavin/helmfile-validate/pkg/helmfile/exectest/helm.go:87.72,88.38 1 0
github.com/seredavin/helmfile-validate/pkg/helmfile/exectest/helm.go:88.38,90.3 1 0
github.com/seredavin/helmfile-validate/pkg/helmfile/exectest/helm.go:91.2,92.12 2 0
github.com/seredavin/helmfile-validate/pkg/helmfile/exectest/helm.go:95.49,96.2 0 0
github.com/seredavin/helmfile-validate/pkg/helmfile/exectest/helm.go:97.46,98.2 0 0
github.com/seredavin/helmfile-validate/pkg/helmfile/exectest/helm.go:99.63,100.2 0 0
github.com/seredavin/helmfile-validate/pkg/helmfile/exectest/helm.go:101.60,102.2 0 0
github.com/seredavin/helmfile-validate/pkg/helmfile/exectest/helm.go:103.68,104.2 0 0
github.com/seredavin/helmfile-validate/pkg/helmfile/exectest/helm.go:105.158,108.2 2 0
github.com/seredavin/helmfile-validate/pkg/helmfile/exectest/helm.go:109.38,111.2 1 0
github.com/seredavin/helmfile-validate/pkg/helmfile/exectest/helm.go:112.119,115.2 2 0
github.com/seredavin/helmfile-validate/pkg/helmfile/exectest/helm.go:116.115,117.41 1 0
github.com/seredavin/helmfile-validate/pkg/helmfile/exectest/helm.go:117.41,119.41 2 0
github.com/seredavin/helmfile-validate/pkg/helmfile/exectest/helm.go:119.41,120.28 1 0
github.com/seredavin/helmfile-validate/pkg/helmfile/exectest/helm.go:120.28,122.5 1 0
github.com/seredavin/helmfile-validate/pkg/helmfile/exectest/helm.go:124.3,125.40 2 0
github.com/seredavin/helmfile-validate/pkg/helmfile/exectest/helm.go:125.40,126.28 1 0
github.com/seredavin/helmfile-validate/pkg/helmfile/exectest/helm.go:126.28,128.5 1 0
github.com/seredavin/helmfile-validate/pkg/helmfile/exectest/helm.go:131.3,131.39 1 0
github.com/seredavin/helmfile-validate/pkg/helmfile/exectest/helm.go:131.39,133.4 1 0
github.com/seredavin/helmfile-validate/pkg/helmfile/exectest/helm.go:134.8,134.44 1 0
github.com/seredavin/helmfile-validate/pkg/helmfile/exectest/helm.go:134.44,136.3 1 0
github.com/seredavin/helmfile-validate/pkg/helmfile/exectest/helm.go:137.2,137.39 1 0
github.com/seredavin/helmfile-validate/pkg/helmfile/exectest/helm.go:137.39,139.3 1 0
github.com/seredavin/helmfile-validate/pkg/helmfile/exectest/helm.go:140.2,140.37 1 0
github.com/seredavin/helmfile-validate/pkg/helmfile/exectest/helm.go:140.37,142.3 1 0
github.com/seredavin/helmfile-validate/pkg/helmfile/exectest/helm.go:144.2,144.12 1 0
github.com/seredavin/helmfile-validate/pkg/helmfile/exectest/helm.go:146.134,147.27 1 0
github.com/seredavin/helmfile-validate/pkg/helmfile/exectest/helm.go:147.27,149.3 1 0
github.com/seredavin/helmfile-validate/pkg/helmfile/exectest/helm.go:150.2,151.27 2 0
github.com/seredavin/helmfile-validate/pkg/helmfile/exectest/helm.go:151.27,153.3 1 0
github.com/seredavin/helmfile-validate/pkg/helmfile/exectest/helm.go:155.2,155.23 1 0
github.com/seredavin/helmfile-validate/pkg/helmfile/exectest/helm.go:155.23,157.3 1 0
github.com/seredavin/helmfile-validate/pkg/helmfile/exectest/helm.go:159.2,161.38 3 0
github.com/seredavin/helmfile-validate/pkg/helmfile/exectest/helm.go:161.38,163.3 1 0
github.com/seredavin/helmfile-validate/pkg/helmfile/exectest/helm.go:164.2,164.12 1 0
github.com/seredavin/helmfile-validate/pkg/helmfile/exectest/helm.go:166.102,167.43 1 0
github.com/seredavin/helmfile-validate/pkg/helmfile/exectest/helm.go:167.43,169.3 1 0
github.com/seredavin/helmfile-validate/pkg/helmfile/exectest/helm.go:170.2,170.40 1 0
github.com/seredavin/helmfile-validate/pkg/helmfile/exectest/helm.go:170.40,172.3 1 0
github.com/seredavin/helmfile-validate/pkg/helmfile/exectest/helm.go:173.2,174.12 2 0
github.com/seredavin/helmfile-validate/pkg/helmfile/exectest/helm.go:176.99,177.37 1 0
github.com/seredavin/helmfile-validate/pkg/helmfile/exectest/helm.go:177.37,179.3 1 0
github.com/seredavin/helmfile-validate/pkg/helmfile/exectest/helm.go:180.2,181.12 2 0
github.com/seredavin/helmfile-validate/pkg/helmfile/exectest/helm.go:183.102,186.23 2 0
github.com/seredavin/helmfile-validate/pkg/helmfile/exectest/helm.go:186.23,188.3 1 0
github.com/seredavin/helmfile-validate/pkg/helmfile/exectest/helm.go:190.2,191.38 2 0
github.com/seredavin/helmfile-validate/pkg/helmfile/exectest/helm.go:191.38,193.29 2 0
github.com/seredavin/helmfile-validate/pkg/helmfile/exectest/helm.go:193.29,195.4 1 0
github.com/seredavin/helmfile-validate/pkg/helmfile/exectest/helm.go:196.3,196.98 1 0
github.com/seredavin/helmfile-validate/pkg/helmfile/exectest/helm.go:198.2,198.17 1 0
github.com/seredavin/helmfile-validate/pkg/helmfile/exectest/helm.go:200.109,202.2 1 0
github.com/seredavin/helmfile-validate/pkg/helmfile/exectest/helm.go:203.97,204.37 1 0
github.com/seredavin/helmfile-validate/pkg/helmfile/exectest/helm.go:204.37,206.3 1 0
github.com/seredavin/helmfile-validate/pkg/helmfile/exectest/helm.go:207.2,208.12 2 0
github.com/seredavin/helmfile-validate/pkg/helmfile/exectest/helm.go:210.62,212.2 1 0
github.com/seredavin/helmfile-validate/pkg/helmfile/exectest/helm.go:213.67,214.37 1 0
github.com/seredavin/helmfile-validate/pkg/helmfile/exectest/helm.go:214.37,216.3 1 0
github.com/seredavin/helmfile-validate/pkg/helmfile/exectest/helm.go:217.2,218.12 2 0
github.com/seredavin/helmfile-validate/pkg/helmfile/exectest/helm.go:220.78,221.37 1 0
github.com/seredavin/helmfile-validate/pkg/helmfile/exectest/helm.go:221.37,223.3 1 0
github.com/seredavin/helmfile-validate/pkg/helmfile/exectest/helm.go:224.2,225.12 2 0
github.com/seredavin/helmfile-validate/pkg/helmfile/exectest/helm.go:227.79,229.2 1 0
github.com/seredavin/helmfile-validate/pkg/helmfile/exectest/helm.go:230.64,232.2 1 0
github.com/seredavin/helmfile-validate/pkg/helmfile/exectest/helm.go:233.34,236.25 1 0
github.com/seredavin/helmfile-validate/pkg/helmfile/exectest/helm.go:236.25,238.3 1 0
github.com/seredavin/helmfile-validate/pkg/helmfile/exectest/helm.go:241.2,241.16 1 0
github.com/seredavin/helmfile-validate/pkg/helmfile/exectest/helm.go:241.16,243.3 1 0
github.com/seredavin/helmfile-validate/pkg/helmfile/exectest/helm.go:244.2,244.16 1 0
github.com/seredavin/helmfile-validate/pkg/helmfile/exectest/helm.go:244.16,246.3 1 0
github.com/seredavin/helmfile-validate/pkg/helmfile/exectest/helm.go:249.2,249.22 1 0
github.com/seredavin/helmfile-validate/pkg/helmfile/exectest/helm.go:249.22,251.3 1 0
github.com/seredavin/helmfile-validate/pkg/helmfile/exectest/helm.go:254.2,254.14 1 0
github.com/seredavin/helmfile-validate/pkg/helmfile/exectest/helm.go:257.34,260.25 1 0
github.com/seredavin/helmfile-validate/pkg/helmfile/exectest/helm.go:260.25,262.3 1 0
github.com/seredavin/helmfile-validate/pkg/helmfile/exectest/helm.go:265.2,265.16 1 0
github.com/seredavin/helmfile-validate/pkg/helmfile/exectest/helm.go:265.16,267.3 1 0
github.com/seredavin/helmfile-validate/pkg/helmfile/exectest/helm.go:268.2,268.16 1 0
github.com/seredavin/helmfile-validate/pkg/helmfile/exectest/helm.go:268.16,270.3 1 0
github.com/seredavin/helmfile-validate/pkg/helmfile/exectest/helm.go:273.2,273.22 1 0
github.com/seredavin/helmfile-validate/pkg/helmfile/exectest/helm.go:273.22,275.3 1 0
github.com/seredavin/helmfile-validate/pkg/helmfile/exectest/helm.go:278.2,278.13 1 0
github.com/seredavin/helmfile-validate/pkg/helmfile/exectest/helm.go:281.49,287.2 1 0
github.com/seredavin/helmfile-validate/pkg/helmfile/exectest/helm.go:289.60,290.25 1 0
github.com/seredavin/helmfile-validate/pkg/helmfile/exectest/helm.go:290.25,292.3 1 0
github.com/seredavin/helmfile-validate/pkg/helmfile/exectest/helm.go:294.2,295.65 2 0
github.com/seredavin/helmfile-validate/pkg/helmfile/exectest/helm.go:298.49,299.14 1 0
github.com/seredavin/helmfile-validate/pkg/helmfile/exectest/helm.go:299.14,302.3 2 0
github.com/seredavin/helmfile-validate/pkg/helmfile/exectest/helm.go:304.2,304.5 1 0
github.com/seredavin/helmfile-validate/pkg/helmfile/exectest/helm.go:307.71,308.19 1 0
github.com/seredavin/helmfile-validate/pkg/helmfile/exectest/helm.go:309.23,310.47 1 0
github.com/seredavin/helmfile-validate/pkg/helmfile/exectest/helm.go:311.10,312.57 1 0
github.com/seredavin/helmfile-validate/pkg/helmfile/exectest/helm.go:319.28,322.22 2 0
github.com/seredavin/helmfile-validate/pkg/helmfile/exectest/helm.go:322.22,324.3 1 0
github.com/seredavin/helmfile-validate/pkg/helmfile/exectest/helm.go:327.2,329.34 3 0
github.com/seredavin/helmfile-validate/pkg/helmfile/exectest/helm.go:329.34,331.3 1 0
github.com/seredavin/helmfile-validate/pkg/helmfile/exectest/helm.go:334.2,334.43 1 0
github.com/seredavin/helmfile-validate/pkg/helmfile/exectest/helm.go:340.121,342.16 2 0
github.com/seredavin/helmfile-validate/pkg/helmfile/exectest/helm.go:342.16,344.3 1 0
github.com/seredavin/helmfile-validate/pkg/helmfile/exectest/helm.go:345.2,345.33 1 0
github.com/seredavin/helmfile-validate/pkg/helmfile/exectest/helm.go:348.120,350.16 2 0
github.com/seredavin/helmfile-validate/pkg/helmfile/exectest/helm.go:350.16,352.3 1 0
github.com/seredavin/helmfile-validate/pkg/helmfile/exectest/helm.go:353.2,354.33 2 0
github.com/seredavin/helmfile-validate/pkg/helmfile/exectest/helm.go:357.45,359.22 2 0
github.com/seredavin/helmfile-validate/pkg/helmfile/exectest/helm.go:359.22,361.3 1 0
github.com/seredavin/helmfile-validate/pkg/helmfile/exectest/helm.go:362.2,362.12 1 0
github.com/seredavin/helmfile-validate/pkg/helmfile/hcllang/hcl_functions.go:11.108,75.33 2 2
github.com/seredavin/helmfile-validate/pkg/helmfile/hcllang/hcl_functions.go:75.33,77.17 2 0
github.com/seredavin/helmfile-validate/pkg/helmfile/hcllang/hcl_functions.go:77.17,79.4 1 0
github.com/seredavin/helmfile-validate/pkg/helmfile/hcllang/hcl_functions.go:81.2,81.26 1 2
github.com/seredavin/helmfile-validate/pkg/helmfile/hcllang/hcl_loader.go:44.84,49.2 1 0
github.com/seredavin/helmfile-validate/pkg/helmfile/hcllang/hcl_loader.go:50.43,52.2 1 0
github.com/seredavin/helmfile-validate/pkg/helmfile/hcllang/hcl_loader.go:54.47,56.2 1 5
github.com/seredavin/helmfile-validate/pkg/helmfile/hcllang/hcl_loader.go:58.35,60.2 1 1
github.com/seredavin/helmfile-validate/pkg/helmfile/hcllang/hcl_loader.go:62.58,63.22 1 1
github.com/seredavin/helmfile-validate/pkg/helmfile/hcllang/hcl_loader.go:63.22,65.3 1 0
github.com/seredavin/helmfile-validate/pkg/helmfile/hcllang/hcl_loader.go:67.2,68.20 2 1
github.com/seredavin/helmfile-validate/pkg/helmfile/hcllang/hcl_loader.go:68.20,70.3 1 0
github.com/seredavin/helmfile-validate/pkg/helmfile/hcllang/hcl_loader.go:74.2,75.31 2 1
github.com/seredavin/helmfile-validate/pkg/helmfile/hcllang/hcl_loader.go:75.31,77.17 2 1
github.com/seredavin/helmfile-validate/pkg/helmfile/hcllang/hcl_loader.go:77.17,79.4 1 0
github.com/seredavin/helmfile-validate/pkg/helmfile/hcllang/hcl_loader.go:80.3,81.17 2 1
github.com/seredavin/helmfile-validate/pkg/helmfile/hcllang/hcl_loader.go:81.17,83.4 1 0
github.com/seredavin/helmfile-validate/pkg/helmfile/hcllang/hcl_loader.go:84.3,85.74 2 1
github.com/seredavin/helmfile-validate/pkg/helmfile/hcllang/hcl_loader.go:89.2,90.16 2 1
github.com/seredavin/helmfile-validate/pkg/helmfile/hcllang/hcl_loader.go:90.16,92.3 1 0
github.com/seredavin/helmfile-validate/pkg/helmfile/hcllang/hcl_loader.go:93.2,94.16 2 1
github.com/seredavin/helmfile-validate/pkg/helmfile/hcllang/hcl_loader.go:94.16,96.3 1 0
github.com/seredavin/helmfile-validate/pkg/helmfile/hcllang/hcl_loader.go:97.2,98.16 2 1
github.com/seredavin/helmfile-validate/pkg/helmfile/hcllang/hcl_loader.go:98.16,100.3 1 0
github.com/seredavin/helmfile-validate/pkg/helmfile/hcllang/hcl_loader.go:101.2,101.26 1 1
github.com/seredavin/helmfile-validate/pkg/helmfile/hcllang/hcl_loader.go:104.126,107.39 2 2
github.com/seredavin/helmfile-validate/pkg/helmfile/hcllang/hcl_loader.go:107.39,109.42 2 6
github.com/seredavin/helmfile-validate/pkg/helmfile/hcllang/hcl_loader.go:109.42,111.20 2 5
github.com/seredavin/helmfile-validate/pkg/helmfile/hcllang/hcl_loader.go:111.20,113.5 1 0
github.com/seredavin/helmfile-validate/pkg/helmfile/hcllang/hcl_loader.go:114.4,114.56 1 5
github.com/seredavin/helmfile-validate/pkg/helmfile/hcllang/hcl_loader.go:114.56,116.5 1 3
github.com/seredavin/helmfile-validate/pkg/helmfile/hcllang/hcl_loader.go:118.3,119.54 2 6
github.com/seredavin/helmfile-validate/pkg/helmfile/hcllang/hcl_loader.go:123.2,126.16 2 2
github.com/seredavin/helmfile-validate/pkg/helmfile/hcllang/hcl_loader.go:126.16,128.3 1 2
github.com/seredavin/helmfile-validate/pkg/helmfile/hcllang/hcl_loader.go:130.2,130.56 1 0
github.com/seredavin/helmfile-validate/pkg/helmfile/hcllang/hcl_loader.go:130.56,132.36 2 0
github.com/seredavin/helmfile-validate/pkg/helmfile/hcllang/hcl_loader.go:132.36,134.4 1 0
github.com/seredavin/helmfile-validate/pkg/helmfile/hcllang/hcl_loader.go:135.3,135.132 1 0
github.com/seredavin/helmfile-validate/pkg/helmfile/hcllang/hcl_loader.go:136.8,138.3 1 0
github.com/seredavin/helmfile-validate/pkg/helmfile/hcllang/hcl_loader.go:141.200,146.16 5 2
github.com/seredavin/helmfile-validate/pkg/helmfile/hcllang/hcl_loader.go:146.16,148.3 1 0
github.com/seredavin/helmfile-validate/pkg/helmfile/hcllang/hcl_loader.go:149.2,149.68 1 2
github.com/seredavin/helmfile-validate/pkg/helmfile/hcllang/hcl_loader.go:149.68,152.40 2 4
github.com/seredavin/helmfile-validate/pkg/helmfile/hcllang/hcl_loader.go:152.40,154.93 2 6
github.com/seredavin/helmfile-validate/pkg/helmfile/hcllang/hcl_loader.go:154.93,156.5 1 4
github.com/seredavin/helmfile-validate/pkg/helmfile/hcllang/hcl_loader.go:157.4,163.22 3 6
github.com/seredavin/helmfile-validate/pkg/helmfile/hcllang/hcl_loader.go:163.22,165.5 1 0
github.com/seredavin/helmfile-validate/pkg/helmfile/hcllang/hcl_loader.go:166.4,166.21 1 6
github.com/seredavin/helmfile-validate/pkg/helmfile/hcllang/hcl_loader.go:167.31,171.46 2 4
github.com/seredavin/helmfile-validate/pkg/helmfile/hcllang/hcl_loader.go:172.31,173.74 1 2
github.com/seredavin/helmfile-validate/pkg/helmfile/hcllang/hcl_loader.go:177.2,177.20 1 2
github.com/seredavin/helmfile-validate/pkg/helmfile/hcllang/hcl_loader.go:180.122,185.39 5 5
github.com/seredavin/helmfile-validate/pkg/helmfile/hcllang/hcl_loader.go:185.39,187.19 2 5
github.com/seredavin/helmfile-validate/pkg/helmfile/hcllang/hcl_loader.go:187.19,189.4 1 0
github.com/seredavin/helmfile-validate/pkg/helmfile/hcllang/hcl_loader.go:190.3,191.23 2 5
github.com/seredavin/helmfile-validate/pkg/helmfile/hcllang/hcl_loader.go:193.2,193.31 1 5
github.com/seredavin/helmfile-validate/pkg/helmfile/hcllang/hcl_loader.go:196.157,198.16 2 5
github.com/seredavin/helmfile-validate/pkg/helmfile/hcllang/hcl_loader.go:198.16,207.3 1 0
github.com/seredavin/helmfile-validate/pkg/helmfile/hcllang/hcl_loader.go:210.2,212.59 3 5
github.com/seredavin/helmfile-validate/pkg/helmfile/hcllang/hcl_loader.go:212.59,214.3 1 0
github.com/seredavin/helmfile-validate/pkg/helmfile/hcllang/hcl_loader.go:216.2,228.18 3 5
github.com/seredavin/helmfile-validate/pkg/helmfile/hcllang/hcl_loader.go:228.18,230.3 1 0
github.com/seredavin/helmfile-validate/pkg/helmfile/hcllang/hcl_loader.go:232.2,235.59 2 5
github.com/seredavin/helmfile-validate/pkg/helmfile/hcllang/hcl_loader.go:235.59,242.3 1 0
github.com/seredavin/helmfile-validate/pkg/helmfile/hcllang/hcl_loader.go:243.2,243.39 1 5
github.com/seredavin/helmfile-validate/pkg/helmfile/hcllang/hcl_loader.go:243.39,245.42 2 10
github.com/seredavin/helmfile-validate/pkg/helmfile/hcllang/hcl_loader.go:245.42,247.20 2 5
github.com/seredavin/helmfile-validate/pkg/helmfile/hcllang/hcl_loader.go:247.20,249.5 1 0
github.com/seredavin/helmfile-validate/pkg/helmfile/hcllang/hcl_loader.go:252.3,252.42 1 10
github.com/seredavin/helmfile-validate/pkg/helmfile/hcllang/hcl_loader.go:252.42,254.20 2 5
github.com/seredavin/helmfile-validate/pkg/helmfile/hcllang/hcl_loader.go:254.20,256.5 1 0
github.com/seredavin/helmfile-validate/pkg/helmfile/hcllang/hcl_loader.go:260.3,260.36 1 10
github.com/seredavin/helmfile-validate/pkg/helmfile/hcllang/hcl_loader.go:260.36,261.23 1 20
github.com/seredavin/helmfile-validate/pkg/helmfile/hcllang/hcl_loader.go:261.23,271.5 3 0
github.com/seredavin/helmfile-validate/pkg/helmfile/hcllang/hcl_loader.go:273.3,274.17 2 10
github.com/seredavin/helmfile-validate/pkg/helmfile/hcllang/hcl_loader.go:274.17,283.4 3 0
github.com/seredavin/helmfile-validate/pkg/helmfile/hcllang/hcl_loader.go:286.2,286.39 1 5
github.com/seredavin/helmfile-validate/pkg/helmfile/hcllang/hcl_loader.go:289.117,291.37 2 10
github.com/seredavin/helmfile-validate/pkg/helmfile/hcllang/hcl_loader.go:291.37,293.3 1 0
github.com/seredavin/helmfile-validate/pkg/helmfile/hcllang/hcl_loader.go:295.2,296.32 2 10
github.com/seredavin/helmfile-validate/pkg/helmfile/hcllang/hcl_loader.go:296.32,297.39 1 30
github.com/seredavin/helmfile-validate/pkg/helmfile/hcllang/hcl_loader.go:297.39,304.4 1 0
github.com/seredavin/helmfile-validate/pkg/helmfile/hcllang/hcl_loader.go:306.3,310.4 1 30
github.com/seredavin/helmfile-validate/pkg/helmfile/hcllang/hcl_loader.go:312.2,312.22 1 10
github.com/seredavin/helmfile-validate/pkg/helmfile/hcllang/hcl_loader.go:315.110,316.25 1 10
github.com/seredavin/helmfile-validate/pkg/helmfile/hcllang/hcl_loader.go:316.25,323.3 1 0
github.com/seredavin/helmfile-validate/pkg/helmfile/hcllang/hcl_loader.go:324.2,326.72 2 10
github.com/seredavin/helmfile-validate/pkg/helmfile/hcllang/hcl_loader.go:326.72,328.3 1 4
github.com/seredavin/helmfile-validate/pkg/helmfile/hcllang/hcl_loader.go:329.2,331.24 2 6
github.com/seredavin/helmfile-validate/pkg/helmfile/hcllang/hcl_loader.go:331.24,340.3 1 0
github.com/seredavin/helmfile-validate/pkg/helmfile/hcllang/hcl_loader.go:342.2,342.57 1 6
github.com/seredavin/helmfile-validate/pkg/helmfile/hcllang/hcl_loader.go:342.57,344.3 1 6
github.com/seredavin/helmfile-validate/pkg/helmfile/hcllang/hcl_loader.go:346.2,353.3 1 0
github.com/seredavin/helmfile-validate/pkg/helmfile/hcllang/hcl_loader.go:356.84,363.16 2 1
github.com/seredavin/helmfile-validate/pkg/helmfile/hcllang/hcl_loader.go:363.16,365.3 1 0
github.com/seredavin/helmfile-validate/pkg/helmfile/hcllang/hcl_loader.go:367.2,369.16 3 1
github.com/seredavin/helmfile-validate/pkg/helmfile/hcllang/hcl_loader.go:369.16,371.3 1 0
github.com/seredavin/helmfile-validate/pkg/helmfile/hcllang/hcl_loader.go:373.2,373.57 1 1
github.com/seredavin/helmfile-validate/pkg/helmfile/hcllang/hcl_loader.go:373.57,375.3 1 1
github.com/seredavin/helmfile-validate/pkg/helmfile/hcllang/hcl_loader.go:375.8,377.3 1 0
github.com/seredavin/helmfile-validate/pkg/helmfile/maputil/maputil.go:9.55,11.25 2 6
github.com/seredavin/helmfile-validate/pkg/helmfile/maputil/maputil.go:12.19,13.25 1 3
github.com/seredavin/helmfile-validate/pkg/helmfile/maputil/maputil.go:13.25,15.30 2 3
github.com/seredavin/helmfile-validate/pkg/helmfile/maputil/maputil.go:16.16,17.18 1 3
github.com/seredavin/helmfile-validate/pkg/helmfile/maputil/maputil.go:18.12,19.124 1 0
github.com/seredavin/helmfile-validate/pkg/helmfile/maputil/maputil.go:22.4,23.18 2 3
github.com/seredavin/helmfile-validate/pkg/helmfile/maputil/maputil.go:23.18,25.5 1 0
github.com/seredavin/helmfile-validate/pkg/helmfile/maputil/maputil.go:27.4,27.23 1 3
github.com/seredavin/helmfile-validate/pkg/helmfile/maputil/maputil.go:29.22,30.25 1 3
github.com/seredavin/helmfile-validate/pkg/helmfile/maputil/maputil.go:30.25,32.18 2 3
github.com/seredavin/helmfile-validate/pkg/helmfile/maputil/maputil.go:32.18,34.5 1 0
github.com/seredavin/helmfile-validate/pkg/helmfile/maputil/maputil.go:36.4,36.20 1 3
github.com/seredavin/helmfile-validate/pkg/helmfile/maputil/maputil.go:39.2,39.17 1 6
github.com/seredavin/helmfile-validate/pkg/helmfile/maputil/maputil.go:42.53,44.28 2 10
github.com/seredavin/helmfile-validate/pkg/helmfile/maputil/maputil.go:45.35,47.17 2 4
github.com/seredavin/helmfile-validate/pkg/helmfile/maputil/maputil.go:47.17,49.4 1 0
github.com/seredavin/helmfile-validate/pkg/helmfile/maputil/maputil.go:50.3,50.16 1 4
github.com/seredavin/helmfile-validate/pkg/helmfile/maputil/maputil.go:51.13,53.25 2 4
github.com/seredavin/helmfile-validate/pkg/helmfile/maputil/maputil.go:53.25,55.18 2 4
github.com/seredavin/helmfile-validate/pkg/helmfile/maputil/maputil.go:55.18,57.5 1 0
github.com/seredavin/helmfile-validate/pkg/helmfile/maputil/maputil.go:58.4,58.22 1 4
github.com/seredavin/helmfile-validate/pkg/helmfile/maputil/maputil.go:60.3,60.14 1 4
github.com/seredavin/helmfile-validate/pkg/helmfile/maputil/maputil.go:61.10,62.19 1 2
github.com/seredavin/helmfile-validate/pkg/helmfile/maputil/maputil.go:64.2,64.21 1 10
github.com/seredavin/helmfile-validate/pkg/helmfile/maputil/maputil.go:76.57,78.9 2 10
github.com/seredavin/helmfile-validate/pkg/helmfile/maputil/maputil.go:78.9,80.3 1 5
github.com/seredavin/helmfile-validate/pkg/helmfile/maputil/maputil.go:81.2,81.30 1 10
github.com/seredavin/helmfile-validate/pkg/helmfile/maputil/maputil.go:82.22,83.11 1 10
github.com/seredavin/helmfile-validate/pkg/helmfile/maputil/maputil.go:84.10,85.53 1 0
github.com/seredavin/helmfile-validate/pkg/helmfile/maputil/maputil.go:89.50,91.2 1 6
github.com/seredavin/helmfile-validate/pkg/helmfile/maputil/maputil.go:98.57,100.9 2 16
github.com/seredavin/helmfile-validate/pkg/helmfile/maputil/maputil.go:100.9,102.3 1 7
github.com/seredavin/helmfile-validate/pkg/helmfile/maputil/maputil.go:103.2,103.30 1 16
github.com/seredavin/helmfile-validate/pkg/helmfile/maputil/maputil.go:104.13,105.24 1 16
github.com/seredavin/helmfile-validate/pkg/helmfile/maputil/maputil.go:105.24,109.4 3 4
github.com/seredavin/helmfile-validate/pkg/helmfile/maputil/maputil.go:110.3,110.11 1 16
github.com/seredavin/helmfile-validate/pkg/helmfile/maputil/maputil.go:111.10,112.53 1 0
github.com/seredavin/helmfile-validate/pkg/helmfile/maputil/maputil.go:116.64,118.23 2 5
github.com/seredavin/helmfile-validate/pkg/helmfile/maputil/maputil.go:118.23,120.3 1 2
github.com/seredavin/helmfile-validate/pkg/helmfile/maputil/maputil.go:121.2,121.32 1 5
github.com/seredavin/helmfile-validate/pkg/helmfile/maputil/maputil.go:122.22,123.11 1 5
github.com/seredavin/helmfile-validate/pkg/helmfile/maputil/maputil.go:124.10,125.53 1 0
github.com/seredavin/helmfile-validate/pkg/helmfile/maputil/maputil.go:129.57,133.2 3 11
github.com/seredavin/helmfile-validate/pkg/helmfile/maputil/maputil.go:135.32,143.26 6 32
github.com/seredavin/helmfile-validate/pkg/helmfile/maputil/maputil.go:143.26,148.3 1 16
github.com/seredavin/helmfile-validate/pkg/helmfile/maputil/maputil.go:150.2,152.3 1 16
github.com/seredavin/helmfile-validate/pkg/helmfile/maputil/maputil.go:155.36,159.27 4 11
github.com/seredavin/helmfile-validate/pkg/helmfile/maputil/maputil.go:159.27,161.10 2 102
github.com/seredavin/helmfile-validate/pkg/helmfile/maputil/maputil.go:162.33,164.12 2 3
github.com/seredavin/helmfile-validate/pkg/helmfile/maputil/maputil.go:165.20,166.20 1 6
github.com/seredavin/helmfile-validate/pkg/helmfile/maputil/maputil.go:168.3,169.12 2 99
github.com/seredavin/helmfile-validate/pkg/helmfile/maputil/maputil.go:169.12,172.4 2 3
github.com/seredavin/helmfile-validate/pkg/helmfile/maputil/maputil.go:172.9,174.4 1 96
github.com/seredavin/helmfile-validate/pkg/helmfile/maputil/maputil.go:176.2,176.19 1 11
github.com/seredavin/helmfile-validate/pkg/helmfile/maputil/maputil.go:176.19,178.3 1 11
github.com/seredavin/helmfile-validate/pkg/helmfile/maputil/maputil.go:179.2,179.10 1 11
github.com/seredavin/helmfile-validate/pkg/helmfile/maputil/maputil.go:182.73,183.19 1 17
github.com/seredavin/helmfile-validate/pkg/helmfile/maputil/maputil.go:183.19,184.67 1 0
github.com/seredavin/helmfile-validate/pkg/helmfile/maputil/maputil.go:187.2,187.19 1 17
github.com/seredavin/helmfile-validate/pkg/helmfile/maputil/maputil.go:187.19,189.3 1 15
github.com/seredavin/helmfile-validate/pkg/helmfile/maputil/maputil.go:191.2,191.55 1 17
github.com/seredavin/helmfile-validate/pkg/helmfile/maputil/maputil.go:194.40,196.8 1 27
github.com/seredavin/helmfile-validate/pkg/helmfile/maputil/maputil.go:196.8,198.3 1 5
github.com/seredavin/helmfile-validate/pkg/helmfile/maputil/maputil.go:200.2,200.36 1 22
github.com/seredavin/helmfile-validate/pkg/helmfile/maputil/maputil.go:200.36,202.3 1 1
github.com/seredavin/helmfile-validate/pkg/helmfile/maputil/maputil.go:204.2,204.37 1 21
github.com/seredavin/helmfile-validate/pkg/helmfile/maputil/maputil.go:204.37,206.3 1 0
github.com/seredavin/helmfile-validate/pkg/helmfile/maputil/maputil.go:208.2,208.36 1 21
github.com/seredavin/helmfile-validate/pkg/helmfile/maputil/maputil.go:208.36,210.3 1 1
github.com/seredavin/helmfile-validate/pkg/helmfile/maputil/maputil.go:213.2,213.33 1 20
github.com/seredavin/helmfile-validate/pkg/helmfile/maputil/maputil.go:213.33,215.3 1 1
github.com/seredavin/helmfile-validate/pkg/helmfile/maputil/maputil.go:218.2,218.36 1 19
github.com/seredavin/helmfile-validate/pkg/helmfile/maputil/maputil.go:218.36,219.59 1 18
github.com/seredavin/helmfile-validate/pkg/helmfile/maputil/maputil.go:219.59,221.4 1 1
github.com/seredavin/helmfile-validate/pkg/helmfile/maputil/maputil.go:224.2,224.12 1 18
github.com/seredavin/helmfile-validate/pkg/helmfile/maputil/maputil.go:227.68,230.22 2 14
github.com/seredavin/helmfile-validate/pkg/helmfile/maputil/maputil.go:230.22,232.3 1 21
github.com/seredavin/helmfile-validate/pkg/helmfile/maputil/maputil.go:233.2,233.22 1 14
github.com/seredavin/helmfile-validate/pkg/helmfile/maputil/maputil.go:233.22,234.15 1 21
github.com/seredavin/helmfile-validate/pkg/helmfile/maputil/maputil.go:234.15,235.12 1 1
github.com/seredavin/helmfile-validate/pkg/helmfile/maputil/maputil.go:237.3,237.46 1 20
github.com/seredavin/helmfile-validate/pkg/helmfile/maputil/maputil.go:237.46,238.28 1 6
github.com/seredavin/helmfile-validate/pkg/helmfile/maputil/maputil.go:238.28,239.50 1 5
github.com/seredavin/helmfile-validate/pkg/helmfile/maputil/maputil.go:239.50,242.14 2 4
github.com/seredavin/helmfile-validate/pkg/helmfile/maputil/maputil.go:247.3,248.20 2 16
github.com/seredavin/helmfile-validate/pkg/helmfile/maputil/maputil.go:248.20,249.40 1 4
github.com/seredavin/helmfile-validate/pkg/helmfile/maputil/maputil.go:249.40,251.24 2 4
github.com/seredavin/helmfile-validate/pkg/helmfile/maputil/maputil.go:251.24,254.14 2 4
github.com/seredavin/helmfile-validate/pkg/helmfile/maputil/maputil.go:258.3,258.13 1 12
github.com/seredavin/helmfile-validate/pkg/helmfile/maputil/maputil.go:260.2,260.12 1 14
github.com/seredavin/helmfile-validate/pkg/helmfile/maputil/maputil.go:264.36,265.32 1 20
github.com/seredavin/helmfile-validate/pkg/helmfile/maputil/maputil.go:265.32,267.3 1 8
github.com/seredavin/helmfile-validate/pkg/helmfile/maputil/maputil.go:268.2,268.12 1 12
github.com/seredavin/helmfile-validate/pkg/helmfile/maputil/maputil.go:274.46,277.28 2 4
github.com/seredavin/helmfile-validate/pkg/helmfile/maputil/maputil.go:277.28,279.3 1 0
github.com/seredavin/helmfile-validate/pkg/helmfile/maputil/maputil.go:281.2,287.37 3 4
github.com/seredavin/helmfile-validate/pkg/helmfile/maputil/maputil.go:287.37,291.25 2 6
github.com/seredavin/helmfile-validate/pkg/helmfile/maputil/maputil.go:291.25,292.12 1 2
github.com/seredavin/helmfile-validate/pkg/helmfile/maputil/maputil.go:296.3,296.58 1 4
github.com/seredavin/helmfile-validate/pkg/helmfile/maputil/maputil.go:296.58,297.21 1 2
github.com/seredavin/helmfile-validate/pkg/helmfile/maputil/maputil.go:297.21,298.52 1 2
github.com/seredavin/helmfile-validate/pkg/helmfile/maputil/maputil.go:298.52,300.14 2 2
github.com/seredavin/helmfile-validate/pkg/helmfile/maputil/maputil.go:306.3,306.26 1 2
github.com/seredavin/helmfile-validate/pkg/helmfile/maputil/maputil.go:309.2,309.15 1 4
github.com/seredavin/helmfile-validate/pkg/helmfile/runtime/runtime.go:17.20,19.14 2 0
github.com/seredavin/helmfile-validate/pkg/helmfile/runtime/runtime.go:19.14,21.3 1 0
github.com/seredavin/helmfile-validate/pkg/helmfile/runtime/runtime.go:23.2,23.50 1 0
github.com/seredavin/helmfile-validate/pkg/helmfile/runtime/runtime.go:26.13,28.36 1 0
github.com/seredavin/helmfile-validate/pkg/helmfile/runtime/runtime.go:29.14,30.18 1 0
github.com/seredavin/helmfile-validate/pkg/helmfile/runtime/runtime.go:31.15,32.19 1 0
github.com/seredavin/helmfile-validate/pkg/helmfile/runtime/runtime.go:33.10,34.18 1 0
github.com/seredavin/helmfile-validate/pkg/helmfile/helmexec/exec.go:57.70,63.16 6 43
github.com/seredavin/helmfile-validate/pkg/helmfile/helmexec/exec.go:63.16,64.13 1 0
github.com/seredavin/helmfile-validate/pkg/helmfile/helmexec/exec.go:66.2,71.30 2 43
github.com/seredavin/helmfile-validate/pkg/helmfile/helmexec/exec.go:74.67,75.26 1 49
github.com/seredavin/helmfile-validate/pkg/helmfile/helmexec/exec.go:75.26,77.3 1 1
github.com/seredavin/helmfile-validate/pkg/helmfile/helmexec/exec.go:80.2,81.47 2 48
github.com/seredavin/helmfile-validate/pkg/helmfile/helmexec/exec.go:81.47,83.3 1 10
github.com/seredavin/helmfile-validate/pkg/helmfile/helmexec/exec.go:85.2,87.16 2 48
github.com/seredavin/helmfile-validate/pkg/helmfile/helmexec/exec.go:87.16,89.3 1 1
github.com/seredavin/helmfile-validate/pkg/helmfile/helmexec/exec.go:91.2,92.16 2 47
github.com/seredavin/helmfile-validate/pkg/helmfile/helmexec/exec.go:92.16,94.3 1 0
github.com/seredavin/helmfile-validate/pkg/helmfile/helmexec/exec.go:96.2,96.17 1 47
github.com/seredavin/helmfile-validate/pkg/helmfile/helmexec/exec.go:99.80,102.16 2 41
github.com/seredavin/helmfile-validate/pkg/helmfile/helmexec/exec.go:102.16,104.3 1 0
github.com/seredavin/helmfile-validate/pkg/helmfile/helmexec/exec.go:106.2,106.43 1 41
github.com/seredavin/helmfile-validate/pkg/helmfile/helmexec/exec.go:115.73,118.16 2 0
github.com/seredavin/helmfile-validate/pkg/helmfile/helmexec/exec.go:118.16,120.25 1 0
github.com/seredavin/helmfile-validate/pkg/helmfile/helmexec/exec.go:120.25,122.4 1 0
github.com/seredavin/helmfile-validate/pkg/helmfile/helmexec/exec.go:123.3,123.18 1 0
github.com/seredavin/helmfile-validate/pkg/helmfile/helmexec/exec.go:126.2,126.32 1 0
github.com/seredavin/helmfile-validate/pkg/helmfile/helmexec/exec.go:126.32,127.21 1 0
github.com/seredavin/helmfile-validate/pkg/helmfile/helmexec/exec.go:127.21,128.12 1 0
github.com/seredavin/helmfile-validate/pkg/helmfile/helmexec/exec.go:131.3,133.17 3 0
github.com/seredavin/helmfile-validate/pkg/helmfile/helmexec/exec.go:133.17,134.12 1 0
github.com/seredavin/helmfile-validate/pkg/helmfile/helmexec/exec.go:137.3,138.57 2 0
github.com/seredavin/helmfile-validate/pkg/helmfile/helmexec/exec.go:138.57,139.12 1 0
github.com/seredavin/helmfile-validate/pkg/helmfile/helmexec/exec.go:142.3,142.28 1 0
github.com/seredavin/helmfile-validate/pkg/helmfile/helmexec/exec.go:142.28,144.4 1 0
github.com/seredavin/helmfile-validate/pkg/helmfile/helmexec/exec.go:147.2,147.57 1 0
github.com/seredavin/helmfile-validate/pkg/helmfile/helmexec/exec.go:150.39,152.16 2 12
github.com/seredavin/helmfile-validate/pkg/helmfile/helmexec/exec.go:152.16,154.3 1 8
github.com/seredavin/helmfile-validate/pkg/helmfile/helmexec/exec.go:155.2,155.28 1 4
github.com/seredavin/helmfile-validate/pkg/helmfile/helmexec/exec.go:159.152,161.16 2 41
github.com/seredavin/helmfile-validate/pkg/helmfile/helmexec/exec.go:161.16,163.3 1 0
github.com/seredavin/helmfile-validate/pkg/helmfile/helmexec/exec.go:165.2,165.32 1 41
github.com/seredavin/helmfile-validate/pkg/helmfile/helmexec/exec.go:165.32,168.3 2 1
github.com/seredavin/helmfile-validate/pkg/helmfile/helmexec/exec.go:170.2,179.8 1 41
github.com/seredavin/helmfile-validate/pkg/helmfile/helmexec/exec.go:182.50,184.2 1 8
github.com/seredavin/helmfile-validate/pkg/helmfile/helmexec/exec.go:186.47,188.2 1 2
github.com/seredavin/helmfile-validate/pkg/helmfile/helmexec/exec.go:190.64,192.2 1 1
github.com/seredavin/helmfile-validate/pkg/helmfile/helmexec/exec.go:194.61,196.2 1 1
github.com/seredavin/helmfile-validate/pkg/helmfile/helmexec/exec.go:198.160,203.36 4 17
github.com/seredavin/helmfile-validate/pkg/helmfile/helmexec/exec.go:203.36,206.3 2 1
github.com/seredavin/helmfile-validate/pkg/helmfile/helmexec/exec.go:208.2,208.17 1 16
github.com/seredavin/helmfile-validate/pkg/helmfile/helmexec/exec.go:209.13,211.30 2 1
github.com/seredavin/helmfile-validate/pkg/helmfile/helmexec/exec.go:212.10,217.21 2 14
github.com/seredavin/helmfile-validate/pkg/helmfile/helmexec/exec.go:217.21,218.65 1 4
github.com/seredavin/helmfile-validate/pkg/helmfile/helmexec/exec.go:218.65,219.69 1 4
github.com/seredavin/helmfile-validate/pkg/helmfile/helmexec/exec.go:219.69,221.6 1 2
github.com/seredavin/helmfile-validate/pkg/helmfile/helmexec/exec.go:222.10,223.15 1 0
github.com/seredavin/helmfile-validate/pkg/helmfile/helmexec/exec.go:227.3,227.38 1 14
github.com/seredavin/helmfile-validate/pkg/helmfile/helmexec/exec.go:227.38,229.4 1 6
github.com/seredavin/helmfile-validate/pkg/helmfile/helmexec/exec.go:230.3,230.19 1 14
github.com/seredavin/helmfile-validate/pkg/helmfile/helmexec/exec.go:230.19,232.4 1 1
github.com/seredavin/helmfile-validate/pkg/helmfile/helmexec/exec.go:234.3,234.22 1 14
github.com/seredavin/helmfile-validate/pkg/helmfile/helmexec/exec.go:234.22,236.4 1 1
github.com/seredavin/helmfile-validate/pkg/helmfile/helmexec/exec.go:237.3,237.20 1 14
github.com/seredavin/helmfile-validate/pkg/helmfile/helmexec/exec.go:237.20,239.4 1 1
github.com/seredavin/helmfile-validate/pkg/helmfile/helmexec/exec.go:240.3,241.39 2 14
github.com/seredavin/helmfile-validate/pkg/helmfile/helmexec/exec.go:241.39,246.4 4 5
github.com/seredavin/helmfile-validate/pkg/helmfile/helmexec/exec.go:246.9,248.4 1 9
github.com/seredavin/helmfile-validate/pkg/helmfile/helmexec/exec.go:249.10,252.12 3 1
github.com/seredavin/helmfile-validate/pkg/helmfile/helmexec/exec.go:255.2,256.12 2 16
github.com/seredavin/helmfile-validate/pkg/helmfile/helmexec/exec.go:259.40,264.2 4 1
github.com/seredavin/helmfile-validate/pkg/helmfile/helmexec/exec.go:266.127,267.38 1 2
github.com/seredavin/helmfile-validate/pkg/helmfile/helmexec/exec.go:267.38,269.3 1 0
github.com/seredavin/helmfile-validate/pkg/helmfile/helmexec/exec.go:271.2,277.47 3 2
github.com/seredavin/helmfile-validate/pkg/helmfile/helmexec/exec.go:277.47,280.38 1 1
github.com/seredavin/helmfile-validate/pkg/helmfile/helmexec/exec.go:280.38,282.4 1 1
github.com/seredavin/helmfile-validate/pkg/helmfile/helmexec/exec.go:283.3,283.19 1 1
github.com/seredavin/helmfile-validate/pkg/helmfile/helmexec/exec.go:283.19,285.4 1 1
github.com/seredavin/helmfile-validate/pkg/helmfile/helmexec/exec.go:288.2,288.19 1 2
github.com/seredavin/helmfile-validate/pkg/helmfile/helmexec/exec.go:288.19,290.3 1 2
github.com/seredavin/helmfile-validate/pkg/helmfile/helmexec/exec.go:292.2,299.12 7 2
github.com/seredavin/helmfile-validate/pkg/helmfile/helmexec/exec.go:304.35,306.22 2 231
github.com/seredavin/helmfile-validate/pkg/helmfile/helmexec/exec.go:306.22,307.34 1 2541
github.com/seredavin/helmfile-validate/pkg/helmfile/helmexec/exec.go:307.34,309.4 1 370
github.com/seredavin/helmfile-validate/pkg/helmfile/helmexec/exec.go:310.3,310.39 1 2541
github.com/seredavin/helmfile-validate/pkg/helmfile/helmexec/exec.go:312.2,312.24 1 231
github.com/seredavin/helmfile-validate/pkg/helmfile/helmexec/exec.go:319.52,325.14 3 7
github.com/seredavin/helmfile-validate/pkg/helmfile/helmexec/exec.go:325.14,329.43 3 7
github.com/seredavin/helmfile-validate/pkg/helmfile/helmexec/exec.go:329.43,331.26 2 133
github.com/seredavin/helmfile-validate/pkg/helmfile/helmexec/exec.go:331.26,334.5 2 119
github.com/seredavin/helmfile-validate/pkg/helmfile/helmexec/exec.go:338.3,343.43 4 7
github.com/seredavin/helmfile-validate/pkg/helmfile/helmexec/exec.go:343.43,345.26 2 77
github.com/seredavin/helmfile-validate/pkg/helmfile/helmexec/exec.go:345.26,348.5 2 77
github.com/seredavin/helmfile-validate/pkg/helmfile/helmexec/exec.go:350.8,354.43 3 0
github.com/seredavin/helmfile-validate/pkg/helmfile/helmexec/exec.go:354.43,356.26 2 0
github.com/seredavin/helmfile-validate/pkg/helmfile/helmexec/exec.go:356.26,359.5 2 0
github.com/seredavin/helmfile-validate/pkg/helmfile/helmexec/exec.go:363.3,368.43 4 0
github.com/seredavin/helmfile-validate/pkg/helmfile/helmexec/exec.go:368.43,370.26 2 0
github.com/seredavin/helmfile-validate/pkg/helmfile/helmexec/exec.go:370.26,373.5 2 0
github.com/seredavin/helmfile-validate/pkg/helmfile/helmexec/exec.go:377.2,377.18 1 7
github.com/seredavin/helmfile-validate/pkg/helmfile/helmexec/exec.go:389.64,390.21 1 55
github.com/seredavin/helmfile-validate/pkg/helmfile/helmexec/exec.go:390.21,392.3 1 5
github.com/seredavin/helmfile-validate/pkg/helmfile/helmexec/exec.go:395.2,395.41 1 50
github.com/seredavin/helmfile-validate/pkg/helmfile/helmexec/exec.go:395.41,397.3 1 2
github.com/seredavin/helmfile-validate/pkg/helmfile/helmexec/exec.go:399.2,400.29 2 50
github.com/seredavin/helmfile-validate/pkg/helmfile/helmexec/exec.go:400.29,403.49 2 60
github.com/seredavin/helmfile-validate/pkg/helmfile/helmexec/exec.go:403.49,405.4 1 12
github.com/seredavin/helmfile-validate/pkg/helmfile/helmexec/exec.go:408.3,409.55 2 60
github.com/seredavin/helmfile-validate/pkg/helmfile/helmexec/exec.go:409.55,410.50 1 1114
github.com/seredavin/helmfile-validate/pkg/helmfile/helmexec/exec.go:410.50,412.10 2 39
github.com/seredavin/helmfile-validate/pkg/helmfile/helmexec/exec.go:416.3,416.16 1 60
github.com/seredavin/helmfile-validate/pkg/helmfile/helmexec/exec.go:416.16,418.4 1 39
github.com/seredavin/helmfile-validate/pkg/helmfile/helmexec/exec.go:420.2,420.17 1 50
github.com/seredavin/helmfile-validate/pkg/helmfile/helmexec/exec.go:423.74,429.15 4 6
github.com/seredavin/helmfile-validate/pkg/helmfile/helmexec/exec.go:429.15,431.3 1 6
github.com/seredavin/helmfile-validate/pkg/helmfile/helmexec/exec.go:433.2,442.53 3 6
github.com/seredavin/helmfile-validate/pkg/helmfile/helmexec/exec.go:442.53,444.3 1 0
github.com/seredavin/helmfile-validate/pkg/helmfile/helmexec/exec.go:446.2,448.12 3 6
github.com/seredavin/helmfile-validate/pkg/helmfile/helmexec/exec.go:451.52,457.15 4 2
github.com/seredavin/helmfile-validate/pkg/helmfile/helmexec/exec.go:457.15,459.3 1 2
github.com/seredavin/helmfile-validate/pkg/helmfile/helmexec/exec.go:461.2,464.53 2 2
github.com/seredavin/helmfile-validate/pkg/helmfile/helmexec/exec.go:464.53,466.3 1 0
github.com/seredavin/helmfile-validate/pkg/helmfile/helmexec/exec.go:468.2,470.12 3 2
github.com/seredavin/helmfile-validate/pkg/helmfile/helmexec/exec.go:473.108,483.2 7 3
github.com/seredavin/helmfile-validate/pkg/helmfile/helmexec/exec.go:485.92,492.2 6 1
github.com/seredavin/helmfile-validate/pkg/helmfile/helmexec/exec.go:494.95,513.2 11 0
github.com/seredavin/helmfile-validate/pkg/helmfile/helmexec/exec.go:515.102,517.16 2 0
github.com/seredavin/helmfile-validate/pkg/helmfile/helmexec/exec.go:517.16,519.3 1 0
github.com/seredavin/helmfile-validate/pkg/helmfile/helmexec/exec.go:521.2,527.9 4 0
github.com/seredavin/helmfile-validate/pkg/helmfile/helmexec/exec.go:527.9,540.21 10 0
github.com/seredavin/helmfile-validate/pkg/helmfile/helmexec/exec.go:540.21,542.4 1 0
github.com/seredavin/helmfile-validate/pkg/helmfile/helmexec/exec.go:542.9,544.4 1 0
github.com/seredavin/helmfile-validate/pkg/helmfile/helmexec/exec.go:545.3,546.17 2 0
github.com/seredavin/helmfile-validate/pkg/helmfile/helmexec/exec.go:546.17,549.4 2 0
github.com/seredavin/helmfile-validate/pkg/helmfile/helmexec/exec.go:550.3,552.32 2 0
github.com/seredavin/helmfile-validate/pkg/helmfile/helmexec/exec.go:552.32,554.4 1 0
github.com/seredavin/helmfile-validate/pkg/helmfile/helmexec/exec.go:555.3,557.17 3 0
github.com/seredavin/helmfile-validate/pkg/helmfile/helmexec/exec.go:557.17,560.4 2 0
github.com/seredavin/helmfile-validate/pkg/helmfile/helmexec/exec.go:565.3,565.67 1 0
github.com/seredavin/helmfile-validate/pkg/helmfile/helmexec/exec.go:565.67,571.18 4 0
github.com/seredavin/helmfile-validate/pkg/helmfile/helmexec/exec.go:571.18,573.5 1 0
github.com/seredavin/helmfile-validate/pkg/helmfile/helmexec/exec.go:574.4,574.35 1 0
github.com/seredavin/helmfile-validate/pkg/helmfile/helmexec/exec.go:577.3,577.29 1 0
github.com/seredavin/helmfile-validate/pkg/helmfile/helmexec/exec.go:578.8,586.24 5 0
github.com/seredavin/helmfile-validate/pkg/helmfile/helmexec/exec.go:586.24,588.4 1 0
github.com/seredavin/helmfile-validate/pkg/helmfile/helmexec/exec.go:591.2,593.21 2 0
github.com/seredavin/helmfile-validate/pkg/helmfile/helmexec/exec.go:593.21,594.51 1 0
github.com/seredavin/helmfile-validate/pkg/helmfile/helmexec/exec.go:594.51,598.18 4 0
github.com/seredavin/helmfile-validate/pkg/helmfile/helmexec/exec.go:598.18,600.5 1 0
github.com/seredavin/helmfile-validate/pkg/helmfile/helmexec/exec.go:601.4,601.17 1 0
github.com/seredavin/helmfile-validate/pkg/helmfile/helmexec/exec.go:601.17,603.5 1 0
github.com/seredavin/helmfile-validate/pkg/helmfile/helmexec/exec.go:605.4,606.18 2 0
github.com/seredavin/helmfile-validate/pkg/helmfile/helmexec/exec.go:606.18,608.5 1 0
github.com/seredavin/helmfile-validate/pkg/helmfile/helmexec/exec.go:610.4,610.30 1 0
github.com/seredavin/helmfile-validate/pkg/helmfile/helmexec/exec.go:614.2,615.16 2 0
github.com/seredavin/helmfile-validate/pkg/helmfile/helmexec/exec.go:615.16,617.3 1 0
github.com/seredavin/helmfile-validate/pkg/helmfile/helmexec/exec.go:619.2,621.25 2 0
github.com/seredavin/helmfile-validate/pkg/helmfile/helmexec/exec.go:624.87,632.26 5 2
github.com/seredavin/helmfile-validate/pkg/helmfile/helmexec/exec.go:632.26,633.43 1 4
github.com/seredavin/helmfile-validate/pkg/helmfile/helmexec/exec.go:633.43,635.9 2 0
github.com/seredavin/helmfile-validate/pkg/helmfile/helmexec/exec.go:639.2,639.18 1 2
github.com/seredavin/helmfile-validate/pkg/helmfile/helmexec/exec.go:639.18,649.3 1 0
github.com/seredavin/helmfile-validate/pkg/helmfile/helmexec/exec.go:649.8,652.3 1 2
github.com/seredavin/helmfile-validate/pkg/helmfile/helmexec/exec.go:654.2,654.12 1 2
github.com/seredavin/helmfile-validate/pkg/helmfile/helmexec/exec.go:657.127,659.44 2 5
github.com/seredavin/helmfile-validate/pkg/helmfile/helmexec/exec.go:659.44,661.3 1 0
github.com/seredavin/helmfile-validate/pkg/helmfile/helmexec/exec.go:661.8,663.3 1 5
github.com/seredavin/helmfile-validate/pkg/helmfile/helmexec/exec.go:664.2,667.18 4 5
github.com/seredavin/helmfile-validate/pkg/helmfile/helmexec/exec.go:667.18,670.3 2 0
github.com/seredavin/helmfile-validate/pkg/helmfile/helmexec/exec.go:674.2,674.20 1 5
github.com/seredavin/helmfile-validate/pkg/helmfile/helmexec/exec.go:674.20,676.3 1 5
github.com/seredavin/helmfile-validate/pkg/helmfile/helmexec/exec.go:678.2,682.26 3 5
github.com/seredavin/helmfile-validate/pkg/helmfile/helmexec/exec.go:682.26,683.47 1 7
github.com/seredavin/helmfile-validate/pkg/helmfile/helmexec/exec.go:683.47,685.9 2 0
github.com/seredavin/helmfile-validate/pkg/helmfile/helmexec/exec.go:688.2,688.29 1 5
github.com/seredavin/helmfile-validate/pkg/helmfile/helmexec/exec.go:688.29,690.48 2 0
github.com/seredavin/helmfile-validate/pkg/helmfile/helmexec/exec.go:690.48,691.23 1 0
github.com/seredavin/helmfile-validate/pkg/helmfile/helmexec/exec.go:691.23,693.5 1 0
github.com/seredavin/helmfile-validate/pkg/helmfile/helmexec/exec.go:694.4,694.14 1 0
github.com/seredavin/helmfile-validate/pkg/helmfile/helmexec/exec.go:696.8,696.28 1 5
github.com/seredavin/helmfile-validate/pkg/helmfile/helmexec/exec.go:696.28,698.3 1 5
github.com/seredavin/helmfile-validate/pkg/helmfile/helmexec/exec.go:699.2,699.12 1 5
github.com/seredavin/helmfile-validate/pkg/helmfile/helmexec/exec.go:707.94,710.29 2 10
github.com/seredavin/helmfile-validate/pkg/helmfile/helmexec/exec.go:710.29,711.15 1 26
github.com/seredavin/helmfile-validate/pkg/helmfile/helmexec/exec.go:712.18,715.52 1 4
github.com/seredavin/helmfile-validate/pkg/helmfile/helmexec/exec.go:715.52,717.5 1 4
github.com/seredavin/helmfile-validate/pkg/helmfile/helmexec/exec.go:718.21,721.52 1 3
github.com/seredavin/helmfile-validate/pkg/helmfile/helmexec/exec.go:721.52,723.5 1 2
github.com/seredavin/helmfile-validate/pkg/helmfile/helmexec/exec.go:724.11,726.37 1 19
github.com/seredavin/helmfile-validate/pkg/helmfile/helmexec/exec.go:730.2,730.17 1 10
github.com/seredavin/helmfile-validate/pkg/helmfile/helmexec/exec.go:733.69,739.2 4 1
github.com/seredavin/helmfile-validate/pkg/helmfile/helmexec/exec.go:741.64,746.2 4 2
github.com/seredavin/helmfile-validate/pkg/helmfile/helmexec/exec.go:748.81,752.47 4 3
github.com/seredavin/helmfile-validate/pkg/helmfile/helmexec/exec.go:752.47,759.80 4 2
github.com/seredavin/helmfile-validate/pkg/helmfile/helmexec/exec.go:759.80,761.4 1 0
github.com/seredavin/helmfile-validate/pkg/helmfile/helmexec/exec.go:762.8,764.3 1 1
github.com/seredavin/helmfile-validate/pkg/helmfile/helmexec/exec.go:765.2,767.12 3 3
github.com/seredavin/helmfile-validate/pkg/helmfile/helmexec/exec.go:770.66,772.47 2 1
github.com/seredavin/helmfile-validate/pkg/helmfile/helmexec/exec.go:772.47,776.3 1 0
github.com/seredavin/helmfile-validate/pkg/helmfile/helmexec/exec.go:777.2,783.12 6 1
github.com/seredavin/helmfile-validate/pkg/helmfile/helmexec/exec.go:786.92,793.2 6 2
github.com/seredavin/helmfile-validate/pkg/helmfile/helmexec/exec.go:795.90,803.2 7 2
github.com/seredavin/helmfile-validate/pkg/helmfile/helmexec/exec.go:805.65,809.64 2 0
github.com/seredavin/helmfile-validate/pkg/helmfile/helmexec/exec.go:809.64,811.3 1 0
github.com/seredavin/helmfile-validate/pkg/helmfile/helmexec/exec.go:814.2,817.82 2 0
github.com/seredavin/helmfile-validate/pkg/helmfile/helmexec/exec.go:817.82,818.45 1 0
github.com/seredavin/helmfile-validate/pkg/helmfile/helmexec/exec.go:818.45,821.4 2 0
github.com/seredavin/helmfile-validate/pkg/helmfile/helmexec/exec.go:822.3,823.126 2 0
github.com/seredavin/helmfile-validate/pkg/helmfile/helmexec/exec.go:826.2,827.12 2 0
github.com/seredavin/helmfile-validate/pkg/helmfile/helmexec/exec.go:830.64,843.45 6 0
github.com/seredavin/helmfile-validate/pkg/helmfile/helmexec/exec.go:843.45,845.3 1 0
github.com/seredavin/helmfile-validate/pkg/helmfile/helmexec/exec.go:847.2,847.33 1 0
github.com/seredavin/helmfile-validate/pkg/helmfile/helmexec/exec.go:847.33,850.23 3 0
github.com/seredavin/helmfile-validate/pkg/helmfile/helmexec/exec.go:850.23,852.4 1 0
github.com/seredavin/helmfile-validate/pkg/helmfile/helmexec/exec.go:854.3,855.17 2 0
github.com/seredavin/helmfile-validate/pkg/helmfile/helmexec/exec.go:855.17,857.4 1 0
github.com/seredavin/helmfile-validate/pkg/helmfile/helmexec/exec.go:858.3,858.17 1 0
github.com/seredavin/helmfile-validate/pkg/helmfile/helmexec/exec.go:861.2,861.12 1 0
github.com/seredavin/helmfile-validate/pkg/helmfile/helmexec/exec.go:864.53,869.2 4 0
github.com/seredavin/helmfile-validate/pkg/helmfile/helmexec/exec.go:871.112,873.25 2 47
github.com/seredavin/helmfile-validate/pkg/helmfile/helmexec/exec.go:873.25,875.3 1 4
github.com/seredavin/helmfile-validate/pkg/helmfile/helmexec/exec.go:876.2,876.28 1 47
github.com/seredavin/helmfile-validate/pkg/helmfile/helmexec/exec.go:876.28,878.3 1 45
github.com/seredavin/helmfile-validate/pkg/helmfile/helmexec/exec.go:879.2,879.27 1 47
github.com/seredavin/helmfile-validate/pkg/helmfile/helmexec/exec.go:879.27,881.3 1 44
github.com/seredavin/helmfile-validate/pkg/helmfile/helmexec/exec.go:882.2,885.37 4 47
github.com/seredavin/helmfile-validate/pkg/helmfile/helmexec/exec.go:885.37,887.3 1 0
github.com/seredavin/helmfile-validate/pkg/helmfile/helmexec/exec.go:888.2,889.22 2 47
github.com/seredavin/helmfile-validate/pkg/helmfile/helmexec/exec.go:892.102,894.25 2 7
github.com/seredavin/helmfile-validate/pkg/helmfile/helmexec/exec.go:894.25,896.3 1 0
github.com/seredavin/helmfile-validate/pkg/helmfile/helmexec/exec.go:897.2,897.28 1 7
github.com/seredavin/helmfile-validate/pkg/helmfile/helmexec/exec.go:897.28,899.3 1 4
github.com/seredavin/helmfile-validate/pkg/helmfile/helmexec/exec.go:900.2,900.27 1 7
github.com/seredavin/helmfile-validate/pkg/helmfile/helmexec/exec.go:900.27,902.3 1 4
github.com/seredavin/helmfile-validate/pkg/helmfile/helmexec/exec.go:903.2,906.22 4 7
github.com/seredavin/helmfile-validate/pkg/helmfile/helmexec/exec.go:909.56,914.23 5 1
github.com/seredavin/helmfile-validate/pkg/helmfile/helmexec/exec.go:914.23,916.3 1 0
github.com/seredavin/helmfile-validate/pkg/helmfile/helmexec/exec.go:916.8,918.3 1 1
github.com/seredavin/helmfile-validate/pkg/helmfile/helmexec/exec.go:919.2,919.22 1 1
github.com/seredavin/helmfile-validate/pkg/helmfile/helmexec/exec.go:922.38,923.18 1 41
github.com/seredavin/helmfile-validate/pkg/helmfile/helmexec/exec.go:923.18,925.3 1 9
github.com/seredavin/helmfile-validate/pkg/helmfile/helmexec/exec.go:928.52,929.18 1 8
github.com/seredavin/helmfile-validate/pkg/helmfile/helmexec/exec.go:929.18,930.15 1 0
github.com/seredavin/helmfile-validate/pkg/helmfile/helmexec/exec.go:930.15,932.4 1 0
github.com/seredavin/helmfile-validate/pkg/helmfile/helmexec/exec.go:933.3,933.37 1 0
github.com/seredavin/helmfile-validate/pkg/helmfile/helmexec/exec.go:937.36,939.2 1 16
github.com/seredavin/helmfile-validate/pkg/helmfile/helmexec/exec.go:941.36,943.2 1 8
github.com/seredavin/helmfile-validate/pkg/helmfile/helmexec/exec.go:945.42,951.2 1 2
github.com/seredavin/helmfile-validate/pkg/helmfile/helmexec/exec.go:953.62,956.2 2 3
github.com/seredavin/helmfile-validate/pkg/helmfile/helmexec/exec.go:958.73,965.74 2 5
github.com/seredavin/helmfile-validate/pkg/helmfile/helmexec/exec.go:965.74,968.3 2 2
github.com/seredavin/helmfile-validate/pkg/helmfile/helmexec/exec.go:968.8,971.3 2 3
github.com/seredavin/helmfile-validate/pkg/helmfile/helmexec/exec.go:972.2,973.33 2 5
github.com/seredavin/helmfile-validate/pkg/helmfile/helmexec/exec.go:976.73,979.18 3 1
github.com/seredavin/helmfile-validate/pkg/helmfile/helmexec/exec.go:979.18,981.3 1 0
github.com/seredavin/helmfile-validate/pkg/helmfile/helmexec/exec.go:982.2,984.18 3 1
github.com/seredavin/helmfile-validate/pkg/helmfile/helmexec/exec.go:984.18,986.3 1 0
github.com/seredavin/helmfile-validate/pkg/helmfile/helmexec/exec.go:987.2,987.22 1 1
github.com/seredavin/helmfile-validate/pkg/helmfile/helmexec/exit_error.go:8.142,14.25 4 3
github.com/seredavin/helmfile-validate/pkg/helmfile/helmexec/exit_error.go:14.25,15.83 1 10
github.com/seredavin/helmfile-validate/pkg/helmfile/helmexec/exit_error.go:15.83,17.4 1 2
github.com/seredavin/helmfile-validate/pkg/helmfile/helmexec/exit_error.go:18.3,18.91 1 10
github.com/seredavin/helmfile-validate/pkg/helmfile/helmexec/exit_error.go:21.2,25.21 3 3
github.com/seredavin/helmfile-validate/pkg/helmfile/helmexec/exit_error.go:25.21,27.3 1 0
github.com/seredavin/helmfile-validate/pkg/helmfile/helmexec/exit_error.go:29.2,29.23 1 3
github.com/seredavin/helmfile-validate/pkg/helmfile/helmexec/exit_error.go:29.23,31.3 1 0
github.com/seredavin/helmfile-validate/pkg/helmfile/helmexec/exit_error.go:33.2,36.3 1 3
github.com/seredavin/helmfile-validate/pkg/helmfile/helmexec/exit_error.go:40.41,49.26 5 19
github.com/seredavin/helmfile-validate/pkg/helmfile/helmexec/exit_error.go:49.26,50.35 1 19
github.com/seredavin/helmfile-validate/pkg/helmfile/helmexec/exit_error.go:50.35,52.4 1 0
github.com/seredavin/helmfile-validate/pkg/helmfile/helmexec/exit_error.go:54.3,54.14 1 19
github.com/seredavin/helmfile-validate/pkg/helmfile/helmexec/exit_error.go:54.14,56.4 1 19
github.com/seredavin/helmfile-validate/pkg/helmfile/helmexec/exit_error.go:59.2,59.19 1 19
github.com/seredavin/helmfile-validate/pkg/helmfile/helmexec/exit_error.go:68.35,70.2 1 2
github.com/seredavin/helmfile-validate/pkg/helmfile/helmexec/exit_error.go:72.37,74.2 1 0
github.com/seredavin/helmfile-validate/pkg/helmfile/helmexec/id.go:7.30,9.19 2 3
github.com/seredavin/helmfile-validate/pkg/helmfile/helmexec/id.go:9.19,11.3 1 15
github.com/seredavin/helmfile-validate/pkg/helmfile/helmexec/id.go:12.2,12.18 1 3
github.com/seredavin/helmfile-validate/pkg/helmfile/helmexec/log.go:13.62,18.2 1 1
github.com/seredavin/helmfile-validate/pkg/helmfile/helmexec/log.go:25.50,26.54 1 1
github.com/seredavin/helmfile-validate/pkg/helmfile/helmexec/log.go:26.54,28.3 1 2
github.com/seredavin/helmfile-validate/pkg/helmfile/helmexec/log.go:29.2,29.20 1 1
github.com/seredavin/helmfile-validate/pkg/helmfile/helmexec/runner.go:38.123,43.23 4 2
github.com/seredavin/helmfile-validate/pkg/helmfile/helmexec/runner.go:43.23,47.3 1 1
github.com/seredavin/helmfile-validate/pkg/helmfile/helmexec/runner.go:47.8,49.3 1 1
github.com/seredavin/helmfile-validate/pkg/helmfile/helmexec/runner.go:53.122,61.2 5 0
github.com/seredavin/helmfile-validate/pkg/helmfile/helmexec/runner.go:63.140,64.21 1 1
github.com/seredavin/helmfile-validate/pkg/helmfile/helmexec/runner.go:64.21,66.3 1 0
github.com/seredavin/helmfile-validate/pkg/helmfile/helmexec/runner.go:67.2,67.21 1 1
github.com/seredavin/helmfile-validate/pkg/helmfile/helmexec/runner.go:67.21,69.3 1 0
github.com/seredavin/helmfile-validate/pkg/helmfile/helmexec/runner.go:71.2,78.51 6 1
github.com/seredavin/helmfile-validate/pkg/helmfile/helmexec/runner.go:78.51,80.3 1 1
github.com/seredavin/helmfile-validate/pkg/helmfile/helmexec/runner.go:81.2,82.40 2 1
github.com/seredavin/helmfile-validate/pkg/helmfile/helmexec/runner.go:82.40,84.15 2 1
github.com/seredavin/helmfile-validate/pkg/helmfile/helmexec/runner.go:84.15,86.4 1 0
github.com/seredavin/helmfile-validate/pkg/helmfile/helmexec/runner.go:86.9,88.4 1 1
github.com/seredavin/helmfile-validate/pkg/helmfile/helmexec/runner.go:89.3,89.55 1 1
github.com/seredavin/helmfile-validate/pkg/helmfile/helmexec/runner.go:92.2,97.12 5 1
github.com/seredavin/helmfile-validate/pkg/helmfile/helmexec/runner.go:97.12,99.3 1 1
github.com/seredavin/helmfile-validate/pkg/helmfile/helmexec/runner.go:100.2,100.9 1 1
github.com/seredavin/helmfile-validate/pkg/helmfile/helmexec/runner.go:101.18,101.18 0 1
github.com/seredavin/helmfile-validate/pkg/helmfile/helmexec/runner.go:102.20,104.13 2 0
github.com/seredavin/helmfile-validate/pkg/helmfile/helmexec/runner.go:107.2,107.16 1 1
github.com/seredavin/helmfile-validate/pkg/helmfile/helmexec/runner.go:107.16,113.27 1 0
github.com/seredavin/helmfile-validate/pkg/helmfile/helmexec/runner.go:114.24,119.118 3 0
github.com/seredavin/helmfile-validate/pkg/helmfile/helmexec/runner.go:120.11,121.49 1 0
github.com/seredavin/helmfile-validate/pkg/helmfile/helmexec/runner.go:125.2,125.28 1 1
github.com/seredavin/helmfile-validate/pkg/helmfile/helmexec/runner.go:128.118,133.12 4 4
github.com/seredavin/helmfile-validate/pkg/helmfile/helmexec/runner.go:133.12,137.7 3 4
github.com/seredavin/helmfile-validate/pkg/helmfile/helmexec/runner.go:137.7,141.18 2 29689
github.com/seredavin/helmfile-validate/pkg/helmfile/helmexec/runner.go:141.18,142.22 1 4
github.com/seredavin/helmfile-validate/pkg/helmfile/helmexec/runner.go:142.22,143.11 1 4
github.com/seredavin/helmfile-validate/pkg/helmfile/helmexec/runner.go:145.5,145.14 1 0
github.com/seredavin/helmfile-validate/pkg/helmfile/helmexec/runner.go:148.4,149.37 2 29685
github.com/seredavin/helmfile-validate/pkg/helmfile/helmexec/runner.go:153.2,157.16 4 4
github.com/seredavin/helmfile-validate/pkg/helmfile/helmexec/runner.go:157.16,158.13 1 4
github.com/seredavin/helmfile-validate/pkg/helmfile/helmexec/runner.go:158.13,160.4 1 4
github.com/seredavin/helmfile-validate/pkg/helmfile/helmexec/runner.go:162.3,162.10 1 4
github.com/seredavin/helmfile-validate/pkg/helmfile/helmexec/runner.go:163.19,163.19 0 4
github.com/seredavin/helmfile-validate/pkg/helmfile/helmexec/runner.go:164.21,166.14 2 0
github.com/seredavin/helmfile-validate/pkg/helmfile/helmexec/runner.go:168.3,169.11 2 4
github.com/seredavin/helmfile-validate/pkg/helmfile/helmexec/runner.go:172.2,172.16 1 4
github.com/seredavin/helmfile-validate/pkg/helmfile/helmexec/runner.go:172.16,173.27 1 1
github.com/seredavin/helmfile-validate/pkg/helmfile/helmexec/runner.go:174.24,179.90 3 1
github.com/seredavin/helmfile-validate/pkg/helmfile/helmexec/runner.go:180.11,181.51 1 0
github.com/seredavin/helmfile-validate/pkg/helmfile/helmexec/runner.go:185.2,185.17 1 4
github.com/seredavin/helmfile-validate/pkg/helmfile/helmexec/runner.go:188.62,190.24 2 3
github.com/seredavin/helmfile-validate/pkg/helmfile/helmexec/runner.go:190.24,192.3 1 2
github.com/seredavin/helmfile-validate/pkg/helmfile/helmexec/runner.go:193.2,193.24 1 3
github.com/seredavin/helmfile-validate/pkg/helmfile/helmexec/runner.go:196.49,198.27 2 3
github.com/seredavin/helmfile-validate/pkg/helmfile/helmexec/runner.go:198.27,200.3 1 114
github.com/seredavin/helmfile-validate/pkg/helmfile/helmexec/runner.go:201.2,201.15 1 3
github.com/seredavin/helmfile-validate/pkg/helmfile/helmexec/runner.go:204.46,206.26 2 4
github.com/seredavin/helmfile-validate/pkg/helmfile/helmexec/runner.go:206.26,213.20 3 117
github.com/seredavin/helmfile-validate/pkg/helmfile/helmexec/runner.go:213.20,215.4 1 117
github.com/seredavin/helmfile-validate/pkg/helmfile/helmexec/runner.go:217.3,217.22 1 117
github.com/seredavin/helmfile-validate/pkg/helmfile/helmexec/runner.go:219.2,219.15 1 4
github.com/seredavin/helmfile-validate/pkg/helmfile/plugins/vals.go:23.44,25.17 2 2
github.com/seredavin/helmfile-validate/pkg/helmfile/plugins/vals.go:25.17,45.21 3 1
github.com/seredavin/helmfile-validate/pkg/helmfile/plugins/vals.go:45.21,47.4 1 1
github.com/seredavin/helmfile-validate/pkg/helmfile/plugins/vals.go:51.3,52.120 2 1
github.com/seredavin/helmfile-validate/pkg/helmfile/plugins/vals.go:52.120,54.4 1 0
github.com/seredavin/helmfile-validate/pkg/helmfile/plugins/vals.go:58.3,58.24 1 1
github.com/seredavin/helmfile-validate/pkg/helmfile/plugins/vals.go:58.24,60.4 1 1
github.com/seredavin/helmfile-validate/pkg/helmfile/plugins/vals.go:63.3,63.33 1 1
github.com/seredavin/helmfile-validate/pkg/helmfile/plugins/vals.go:66.2,66.22 1 2
github.com/seredavin/helmfile-validate/pkg/helmfile/policy/checker.go:28.84,31.23 2 5
github.com/seredavin/helmfile-validate/pkg/helmfile/policy/checker.go:31.23,33.3 1 0
github.com/seredavin/helmfile-validate/pkg/helmfile/policy/checker.go:34.2,36.28 3 5
github.com/seredavin/helmfile-validate/pkg/helmfile/policy/checker.go:36.28,37.70 1 11
github.com/seredavin/helmfile-validate/pkg/helmfile/policy/checker.go:37.70,38.35 1 11
github.com/seredavin/helmfile-validate/pkg/helmfile/policy/checker.go:38.35,40.19 2 11
github.com/seredavin/helmfile-validate/pkg/helmfile/policy/checker.go:40.19,42.6 1 8
github.com/seredavin/helmfile-validate/pkg/helmfile/policy/checker.go:47.2,47.21 1 5
github.com/seredavin/helmfile-validate/pkg/helmfile/policy/checker.go:47.21,49.3 1 2
github.com/seredavin/helmfile-validate/pkg/helmfile/policy/checker.go:50.2,50.37 1 3
github.com/seredavin/helmfile-validate/pkg/helmfile/policy/checker.go:50.37,51.49 1 6
github.com/seredavin/helmfile-validate/pkg/helmfile/policy/checker.go:51.49,53.4 1 1
github.com/seredavin/helmfile-validate/pkg/helmfile/policy/checker.go:55.2,55.19 1 2
github.com/seredavin/helmfile-validate/pkg/helmfile/policy/checker.go:64.61,65.34 1 0
github.com/seredavin/helmfile-validate/pkg/helmfile/policy/checker.go:65.34,66.57 1 0
github.com/seredavin/helmfile-validate/pkg/helmfile/policy/checker.go:66.57,68.4 1 0
github.com/seredavin/helmfile-validate/pkg/helmfile/policy/checker.go:70.2,70.19 1 0
github.com/seredavin/helmfile-validate/pkg/helmfile/policy/checker.go:74.37,77.2 2 34
github.com/seredavin/helmfile-validate/pkg/helmfile/policy/checker.go:80.66,84.30 3 24
github.com/seredavin/helmfile-validate/pkg/helmfile/policy/checker.go:84.30,86.20 2 84
github.com/seredavin/helmfile-validate/pkg/helmfile/policy/checker.go:86.20,87.12 1 24
github.com/seredavin/helmfile-validate/pkg/helmfile/policy/checker.go:89.3,89.58 1 60
github.com/seredavin/helmfile-validate/pkg/helmfile/policy/checker.go:89.58,91.4 1 5
github.com/seredavin/helmfile-validate/pkg/helmfile/policy/checker.go:93.3,93.46 1 60
github.com/seredavin/helmfile-validate/pkg/helmfile/policy/checker.go:93.46,96.4 2 48
github.com/seredavin/helmfile-validate/pkg/helmfile/policy/checker.go:98.2,98.16 1 24
github.com/seredavin/helmfile-validate/pkg/helmfile/policy/checker.go:102.83,106.28 3 12
github.com/seredavin/helmfile-validate/pkg/helmfile/policy/checker.go:106.28,107.23 1 30
github.com/seredavin/helmfile-validate/pkg/helmfile/policy/checker.go:107.23,109.4 1 22
github.com/seredavin/helmfile-validate/pkg/helmfile/policy/checker.go:112.2,112.23 1 12
github.com/seredavin/helmfile-validate/pkg/helmfile/policy/checker.go:112.23,114.3 1 0
github.com/seredavin/helmfile-validate/pkg/helmfile/policy/checker.go:116.2,116.25 1 12
github.com/seredavin/helmfile-validate/pkg/helmfile/policy/checker.go:116.25,118.3 1 1
github.com/seredavin/helmfile-validate/pkg/helmfile/policy/checker.go:120.2,120.38 1 11
github.com/seredavin/helmfile-validate/pkg/helmfile/policy/checker.go:120.38,123.60 3 11
github.com/seredavin/helmfile-validate/pkg/helmfile/policy/checker.go:123.60,125.4 1 5
github.com/seredavin/helmfile-validate/pkg/helmfile/policy/checker.go:127.2,127.19 1 6
github.com/seredavin/helmfile-validate/pkg/helmfile/remote/remote.go:34.13,39.26 3 1
github.com/seredavin/helmfile-validate/pkg/helmfile/remote/remote.go:39.26,41.3 1 1
github.com/seredavin/helmfile-validate/pkg/helmfile/remote/remote.go:44.24,45.47 1 48
github.com/seredavin/helmfile-validate/pkg/helmfile/remote/remote.go:45.47,47.3 1 0
github.com/seredavin/helmfile-validate/pkg/helmfile/remote/remote.go:49.2,50.16 2 48
github.com/seredavin/helmfile-validate/pkg/helmfile/remote/remote.go:50.16,53.3 1 0
github.com/seredavin/helmfile-validate/pkg/helmfile/remote/remote.go:54.2,54.39 1 48
github.com/seredavin/helmfile-validate/pkg/helmfile/remote/remote.go:78.82,79.71 1 10
github.com/seredavin/helmfile-validate/pkg/helmfile/remote/remote.go:79.71,81.3 1 0
github.com/seredavin/helmfile-validate/pkg/helmfile/remote/remote.go:82.2,83.16 2 10
github.com/seredavin/helmfile-validate/pkg/helmfile/remote/remote.go:83.16,84.41 1 0
github.com/seredavin/helmfile-validate/pkg/helmfile/remote/remote.go:84.41,86.4 1 0
github.com/seredavin/helmfile-validate/pkg/helmfile/remote/remote.go:87.3,87.17 1 0
github.com/seredavin/helmfile-validate/pkg/helmfile/remote/remote.go:89.2,89.21 1 10
github.com/seredavin/helmfile-validate/pkg/helmfile/remote/remote.go:96.41,98.2 1 1
github.com/seredavin/helmfile-validate/pkg/helmfile/remote/remote.go:104.40,105.46 1 0
github.com/seredavin/helmfile-validate/pkg/helmfile/remote/remote.go:105.46,107.3 1 0
github.com/seredavin/helmfile-validate/pkg/helmfile/remote/remote.go:108.2,108.13 1 0
github.com/seredavin/helmfile-validate/pkg/helmfile/remote/remote.go:111.49,114.21 3 23
github.com/seredavin/helmfile-validate/pkg/helmfile/remote/remote.go:114.21,117.3 2 16
github.com/seredavin/helmfile-validate/pkg/helmfile/remote/remote.go:117.8,120.22 2 7
github.com/seredavin/helmfile-validate/pkg/helmfile/remote/remote.go:120.22,122.4 1 6
github.com/seredavin/helmfile-validate/pkg/helmfile/remote/remote.go:125.2,126.16 2 17
github.com/seredavin/helmfile-validate/pkg/helmfile/remote/remote.go:126.16,128.3 1 0
github.com/seredavin/helmfile-validate/pkg/helmfile/remote/remote.go:130.2,130.20 1 17
github.com/seredavin/helmfile-validate/pkg/helmfile/remote/remote.go:130.20,132.3 1 1
github.com/seredavin/helmfile-validate/pkg/helmfile/remote/remote.go:134.2,135.30 2 16
github.com/seredavin/helmfile-validate/pkg/helmfile/remote/remote.go:135.30,137.19 2 3
github.com/seredavin/helmfile-validate/pkg/helmfile/remote/remote.go:137.19,139.4 1 3
github.com/seredavin/helmfile-validate/pkg/helmfile/remote/remote.go:140.3,140.56 1 3
github.com/seredavin/helmfile-validate/pkg/helmfile/remote/remote.go:143.2,151.8 1 16
github.com/seredavin/helmfile-validate/pkg/helmfile/remote/remote.go:154.48,156.16 2 6
github.com/seredavin/helmfile-validate/pkg/helmfile/remote/remote.go:156.16,158.3 1 0
github.com/seredavin/helmfile-validate/pkg/helmfile/remote/remote.go:160.2,161.16 2 6
github.com/seredavin/helmfile-validate/pkg/helmfile/remote/remote.go:161.16,163.3 1 0
github.com/seredavin/helmfile-validate/pkg/helmfile/remote/remote.go:164.2,165.18 2 6
github.com/seredavin/helmfile-validate/pkg/helmfile/remote/remote.go:165.18,167.3 1 6
github.com/seredavin/helmfile-validate/pkg/helmfile/remote/remote.go:169.2,177.8 1 6
github.com/seredavin/helmfile-validate/pkg/helmfile/remote/remote.go:180.55,183.21 2 6
github.com/seredavin/helmfile-validate/pkg/helmfile/remote/remote.go:183.21,185.3 1 0
github.com/seredavin/helmfile-validate/pkg/helmfile/remote/remote.go:186.2,188.42 2 6
github.com/seredavin/helmfile-validate/pkg/helmfile/remote/remote.go:188.42,190.3 1 6
[...]
github.com/seredavin/helmfile-validate/main.go:211.35,215.29 3 0
github.com/seredavin/helmfile-validate/main.go:215.29,217.5 1 0
github.com/seredavin/helmfile-validate/main.go:217.10,219.5 1 0
github.com/seredavin/helmfile-validate/main.go:223.2,223.16 1 0
github.com/seredavin/helmfile-validate/main.go:223.16,225.3 1 0
github.com/seredavin/helmfile-validate/main.go:225.8,227.24 2 0
github.com/seredavin/helmfile-validate/main.go:227.24,229.4 1 0
github.com/seredavin/helmfile-validate/main.go:233.2,233.44 1 0
github.com/seredavin/helmfile-validate/main.go:233.44,235.3 1 0
github.com/seredavin/helmfile-validate/main.go:238.38,239.16 1 12
github.com/seredavin/helmfile-validate/main.go:239.16,241.3 1 1
github.com/seredavin/helmfile-validate/main.go:242.2,244.26 3 11
github.com/seredavin/helmfile-validate/main.go:244.26,246.14 2 24
github.com/seredavin/helmfile-validate/main.go:246.14,248.4 1 22
github.com/seredavin/helmfile-validate/main.go:250.2,250.15 1 11
github.com/seredavin/helmfile-validate/main.go:253.97,261.45 3 7
github.com/seredavin/helmfile-validate/main.go:261.45,263.3 1 13
github.com/seredavin/helmfile-validate/main.go:264.2,264.42 1 7
github.com/seredavin/helmfile-validate/main.go:264.42,266.3 1 13
github.com/seredavin/helmfile-validate/main.go:267.2,267.44 1 7
github.com/seredavin/helmfile-validate/main.go:267.44,269.3 1 0
github.com/seredavin/helmfile-validate/main.go:271.2,271.24 1 7
github.com/seredavin/helmfile-validate/main.go:271.24,276.41 4 4
github.com/seredavin/helmfile-validate/main.go:276.41,278.4 1 6
github.com/seredavin/helmfile-validate/main.go:280.3,280.37 1 4
github.com/seredavin/helmfile-validate/main.go:280.37,281.26 1 14
github.com/seredavin/helmfile-validate/main.go:281.26,284.5 2 4
github.com/seredavin/helmfile-validate/main.go:286.8,286.31 1 3
github.com/seredavin/helmfile-validate/main.go:286.31,291.41 4 3
github.com/seredavin/helmfile-validate/main.go:291.41,293.4 1 7
github.com/seredavin/helmfile-validate/main.go:295.3,295.37 1 3
github.com/seredavin/helmfile-validate/main.go:295.37,296.27 1 12
github.com/seredavin/helmfile-validate/main.go:296.27,299.5 2 6
github.com/seredavin/helmfile-validate/main.go:304.2,304.56 1 7
github.com/seredavin/helmfile-validate/main.go:304.56,306.3 1 7
github.com/seredavin/helmfile-validate/main.go:308.2,308.19 1 7
github.com/seredavin/helmfile-validate/main.go:311.58,317.27 2 0
github.com/seredavin/helmfile-validate/main.go:317.27,320.3 2 0
github.com/seredavin/helmfile-validate/main.go:322.2,322.19 1 0
github.com/seredavin/helmfile-validate/main.go:325.81,332.47 4 0
github.com/seredavin/helmfile-validate/main.go:332.47,335.3 2 0
github.com/seredavin/helmfile-validate/main.go:338.53,344.22 5 0
github.com/seredavin/helmfile-validate/main.go:344.22,350.3 5 0
github.com/seredavin/helmfile-validate/main.go:352.2,355.35 3 0
github.com/seredavin/helmfile-validate/main.go:355.35,358.3 2 0
github.com/seredavin/helmfile-validate/main.go:358.8,358.43 1 0
github.com/seredavin/helmfile-validate/main.go:358.43,361.3 2 0
github.com/seredavin/helmfile-validate/main.go:361.8,361.59 1 0
github.com/seredavin/helmfile-validate/main.go:361.59,364.3 2 0
github.com/seredavin/helmfile-validate/main.go:366.2,369.42 3 0
github.com/seredavin/helmfile-validate/main.go:369.42,373.32 4 0
github.com/seredavin/helmfile-validate/main.go:373.32,375.4 1 0
github.com/seredavin/helmfile-validate/main.go:376.3,376.16 1 0
github.com/seredavin/helmfile-validate/main.go:380.2,380.40 1 0
github.com/seredavin/helmfile-validate/main.go:380.40,384.50 3 0
github.com/seredavin/helmfile-validate/main.go:384.50,386.26 2 0
github.com/seredavin/helmfile-validate/main.go:386.26,388.5 1 0
github.com/seredavin/helmfile-validate/main.go:389.4,390.28 2 0
github.com/seredavin/helmfile-validate/main.go:390.28,392.5 1 0
github.com/seredavin/helmfile-validate/main.go:393.4,393.26 1 0
github.com/seredavin/helmfile-validate/main.go:393.26,395.5 1 0
github.com/seredavin/helmfile-validate/main.go:396.4,396.17 1 0
github.com/seredavin/helmfile-validate/main.go:400.2,400.35 1 0
github.com/seredavin/helmfile-validate/main.go:400.35,402.3 1 0
github.com/seredavin/helmfile-validate/main.go:402.8,404.3 1 0
github.com/seredavin/helmfile-validate/main.go:408.47,409.26 1 11
github.com/seredavin/helmfile-validate/main.go:409.26,411.3 1 3
github.com/seredavin/helmfile-validate/main.go:412.2,412.53 1 8
github.com/seredavin/helmfile-validate/main.go:416.51,424.39 2 16
github.com/seredavin/helmfile-validate/main.go:424.39,425.47 1 31
github.com/seredavin/helmfile-validate/main.go:425.47,427.4 1 16
github.com/seredavin/helmfile-validate/main.go:430.2,430.99 1 0
github.com/seredavin/helmfile-validate/main.go:434.65,441.28 4 16
github.com/seredavin/helmfile-validate/main.go:441.28,443.3 1 3648
github.com/seredavin/helmfile-validate/main.go:446.2,451.40 2 16
github.com/seredavin/helmfile-validate/main.go:451.40,453.3 1 304
github.com/seredavin/helmfile-validate/main.go:455.2,462.16 3 16
github.com/seredavin/helmfile-validate/main.go:462.16,464.3 1 0
github.com/seredavin/helmfile-validate/main.go:467.2,474.16 6 16
github.com/seredavin/helmfile-validate/main.go:474.16,478.3 1 0
github.com/seredavin/helmfile-validate/main.go:479.2,479.15 1 16
github.com/seredavin/helmfile-validate/main.go:479.15,481.3 1 16
github.com/seredavin/helmfile-validate/main.go:482.2,488.64 3 16
github.com/seredavin/helmfile-validate/main.go:488.64,490.3 1 0
github.com/seredavin/helmfile-validate/main.go:493.2,499.146 3 16
github.com/seredavin/helmfile-validate/main.go:499.146,501.17 2 6
github.com/seredavin/helmfile-validate/main.go:501.17,503.4 1 3
github.com/seredavin/helmfile-validate/main.go:506.3,506.41 1 3
github.com/seredavin/helmfile-validate/main.go:506.41,509.27 2 2
github.com/seredavin/helmfile-validate/main.go:509.27,511.5 1 2
github.com/seredavin/helmfile-validate/main.go:511.10,513.5 1 0
github.com/seredavin/helmfile-validate/main.go:514.4,514.26 1 2
github.com/seredavin/helmfile-validate/main.go:514.26,516.42 1 0
github.com/seredavin/helmfile-validate/main.go:516.42,518.6 1 0
github.com/seredavin/helmfile-validate/main.go:522.4,524.18 3 2
github.com/seredavin/helmfile-validate/main.go:524.18,527.5 1 1
github.com/seredavin/helmfile-validate/main.go:528.4,528.29 1 1
github.com/seredavin/helmfile-validate/main.go:531.3,531.109 1 2
github.com/seredavin/helmfile-validate/main.go:536.2,541.16 4 16
github.com/seredavin/helmfile-validate/main.go:541.16,543.3 1 0
github.com/seredavin/helmfile-validate/main.go:547.2,551.65 4 16
github.com/seredavin/helmfile-validate/main.go:551.65,556.45 2 13
github.com/seredavin/helmfile-validate/main.go:556.45,559.18 2 1
github.com/seredavin/helmfile-validate/main.go:559.19,562.5 0 0
github.com/seredavin/helmfile-validate/main.go:562.10,564.5 1 1
github.com/seredavin/helmfile-validate/main.go:565.9,565.31 1 12
github.com/seredavin/helmfile-validate/main.go:565.31,568.18 2 12
github.com/seredavin/helmfile-validate/main.go:568.19,571.5 0 3
github.com/seredavin/helmfile-validate/main.go:571.10,573.5 1 9
github.com/seredavin/helmfile-validate/main.go:578.2,579.38 2 16
github.com/seredavin/helmfile-validate/main.go:579.38,581.46 1 10
github.com/seredavin/helmfile-validate/main.go:581.46,586.54 3 2
github.com/seredavin/helmfile-validate/main.go:586.54,588.28 2 0
github.com/seredavin/helmfile-validate/main.go:588.28,590.6 1 0
github.com/seredavin/helmfile-validate/main.go:591.5,592.52 2 0
github.com/seredavin/helmfile-validate/main.go:597.2,598.16 2 16
github.com/seredavin/helmfile-validate/main.go:598.16,601.98 1 8
github.com/seredavin/helmfile-validate/main.go:601.98,603.4 1 2
github.com/seredavin/helmfile-validate/main.go:606.3,606.25 1 8
github.com/seredavin/helmfile-validate/main.go:606.25,608.4 1 6
github.com/seredavin/helmfile-validate/main.go:613.2,614.26 2 16
github.com/seredavin/helmfile-validate/main.go:614.26,616.3 1 8
github.com/seredavin/helmfile-validate/main.go:618.2,618.26 1 16
github.com/seredavin/helmfile-validate/main.go:618.26,620.24 2 10
github.com/seredavin/helmfile-validate/main.go:620.24,622.4 1 0
github.com/seredavin/helmfile-validate/main.go:624.3,624.44 1 10
github.com/seredavin/helmfile-validate/main.go:624.44,631.4 2 0
github.com/seredavin/helmfile-validate/main.go:633.3,633.41 1 10
github.com/seredavin/helmfile-validate/main.go:633.41,635.39 2 6
github.com/seredavin/helmfile-validate/main.go:635.39,643.5 2 0
github.com/seredavin/helmfile-validate/main.go:647.2,647.18 1 16
github.com/seredavin/helmfile-validate/main.go:647.18,651.40 1 8
github.com/seredavin/helmfile-validate/main.go:651.40,656.54 3 0
github.com/seredavin/helmfile-validate/main.go:656.54,658.28 2 0
github.com/seredavin/helmfile-validate/main.go:658.28,660.6 1 0
github.com/seredavin/helmfile-validate/main.go:661.5,662.52 2 0
github.com/seredavin/helmfile-validate/main.go:668.3,668.38 1 8
github.com/seredavin/helmfile-validate/main.go:668.38,672.50 2 3
github.com/seredavin/helmfile-validate/main.go:672.50,674.19 2 2
github.com/seredavin/helmfile-validate/main.go:674.19,677.49 2 2
github.com/seredavin/helmfile-validate/main.go:677.49,682.37 3 2
github.com/seredavin/helmfile-validate/main.go:682.37,683.26 1 2
github.com/seredavin/helmfile-validate/main.go:683.26,687.23 3 2
github.com/seredavin/helmfile-validate/main.go:687.23,688.40 1 2
github.com/seredavin/helmfile-validate/main.go:688.40,689.29 1 4
github.com/seredavin/helmfile-validate/main.go:689.29,692.12 2 4
github.com/seredavin/helmfile-validate/main.go:699.6,700.29 2 2
github.com/seredavin/helmfile-validate/main.go:700.29,702.7 1 0
github.com/seredavin/helmfile-validate/main.go:703.6,704.49 2 2
github.com/seredavin/helmfile-validate/main.go:710.3,711.17 2 8
github.com/seredavin/helmfile-validate/main.go:711.17,712.41 1 8
github.com/seredavin/helmfile-validate/main.go:712.41,716.19 3 3
github.com/seredavin/helmfile-validate/main.go:716.19,719.6 1 3
github.com/seredavin/helmfile-validate/main.go:722.5,722.55 1 3
github.com/seredavin/helmfile-validate/main.go:722.55,723.56 1 1
github.com/seredavin/helmfile-validate/main.go:723.56,726.7 2 1
github.com/seredavin/helmfile-validate/main.go:732.3,732.33 1 8
github.com/seredavin/helmfile-validate/main.go:732.33,734.39 2 4
github.com/seredavin/helmfile-validate/main.go:734.39,735.55 1 10
github.com/seredavin/helmfile-validate/main.go:735.55,740.6 2 2
github.com/seredavin/helmfile-validate/main.go:744.4,744.43 1 4
github.com/seredavin/helmfile-validate/main.go:744.43,745.64 1 0
github.com/seredavin/helmfile-validate/main.go:745.64,748.6 2 0
github.com/seredavin/helmfile-validate/main.go:756.2,760.16 3 16
github.com/seredavin/helmfile-validate/main.go:760.16,762.3 1 16
github.com/seredavin/helmfile-validate/main.go:764.2,764.24 1 16
github.com/seredavin/helmfile-validate/main.go:764.24,766.3 1 0
github.com/seredavin/helmfile-validate/main.go:769.2,772.32 3 16
github.com/seredavin/helmfile-validate/main.go:772.32,775.75 2 33
github.com/seredavin/helmfile-validate/main.go:775.75,776.12 1 0
github.com/seredavin/helmfile-validate/main.go:780.3,780.22 1 33
github.com/seredavin/helmfile-validate/main.go:780.22,781.12 1 0
github.com/seredavin/helmfile-validate/main.go:783.3,787.17 3 33
github.com/seredavin/helmfile-validate/main.go:787.17,788.12 1 3
github.com/seredavin/helmfile-validate/main.go:792.3,792.47 1 30
github.com/seredavin/helmfile-validate/main.go:792.47,793.12 1 4
github.com/seredavin/helmfile-validate/main.go:796.3,797.17 2 26
github.com/seredavin/helmfile-validate/main.go:797.17,800.4 1 0
github.com/seredavin/helmfile-validate/main.go:801.3,804.34 3 26
github.com/seredavin/helmfile-validate/main.go:804.34,805.51 1 71
github.com/seredavin/helmfile-validate/main.go:805.51,807.40 2 5
github.com/seredavin/helmfile-validate/main.go:807.40,809.6 1 5
github.com/seredavin/helmfile-validate/main.go:810.10,812.17 2 66
github.com/seredavin/helmfile-validate/main.go:812.17,814.6 1 1
github.com/seredavin/helmfile-validate/main.go:815.5,821.6 1 66
github.com/seredavin/helmfile-validate/main.go:827.2,827.33 1 16
github.com/seredavin/helmfile-validate/main.go:827.33,828.25 1 66
github.com/seredavin/helmfile-validate/main.go:829.19,830.70 1 39
github.com/seredavin/helmfile-validate/main.go:831.16,832.64 1 26
github.com/seredavin/helmfile-validate/main.go:833.11,834.68 1 1
github.com/seredavin/helmfile-validate/main.go:838.2,838.45 1 16
github.com/seredavin/helmfile-validate/main.go:838.45,839.41 1 48
github.com/seredavin/helmfile-validate/main.go:839.41,841.4 1 66
github.com/seredavin/helmfile-validate/main.go:844.2,848.15 4 16
github.com/seredavin/helmfile-validate/main.go:851.48,854.2 1 16
github.com/seredavin/helmfile-validate/main.go:856.53,859.35 2 0
github.com/seredavin/helmfile-validate/main.go:859.35,862.28 2 0
github.com/seredavin/helmfile-validate/main.go:862.28,866.38 4 0
github.com/seredavin/helmfile-validate/main.go:866.38,868.27 2 0
github.com/seredavin/helmfile-validate/main.go:868.27,870.6 1 0
github.com/seredavin/helmfile-validate/main.go:871.5,872.29 2 0
github.com/seredavin/helmfile-validate/main.go:872.29,874.6 1 0
github.com/seredavin/helmfile-validate/main.go:875.5,875.27 1 0
github.com/seredavin/helmfile-validate/main.go:875.27,877.6 1 0
github.com/seredavin/helmfile-validate/main.go:878.5,878.18 1 0
github.com/seredavin/helmfile-validate/main.go:881.3,881.9 1 0
github.com/seredavin/helmfile-validate/main.go:884.2,885.40 2 0
github.com/seredavin/helmfile-validate/main.go:885.40,887.3 1 0
github.com/seredavin/helmfile-validate/main.go:888.2,895.18 5 0
github.com/seredavin/helmfile-validate/main.go:895.18,899.3 3 0
github.com/seredavin/helmfile-validate/main.go:901.2,901.18 1 0
github.com/seredavin/helmfile-validate/main.go:901.18,906.3 4 0
github.com/seredavin/helmfile-validate/main.go:908.2,908.17 1 0
github.com/seredavin/helmfile-validate/main.go:908.17,911.3 2 0
github.com/seredavin/helmfile-validate/main.go:914.2,914.52 1 0
github.com/seredavin/helmfile-validate/main.go:914.52,918.3 3 0
github.com/seredavin/helmfile-validate/main.go:920.2,920.28 1 0
github.com/seredavin/helmfile-validate/main.go:920.28,922.39 2 0
github.com/seredavin/helmfile-validate/main.go:922.39,924.34 2 0
github.com/seredavin/helmfile-validate/main.go:924.34,926.5 1 0
github.com/seredavin/helmfile-validate/main.go:928.3,928.16 1 0
github.com/seredavin/helmfile-validate/main.go:931.2,931.25 1 0
github.com/seredavin/helmfile-validate/main.go:931.25,933.36 2 0
github.com/seredavin/helmfile-validate/main.go:933.36,935.34 2 0
github.com/seredavin/helmfile-validate/main.go:935.34,937.5 1 0
github.com/seredavin/helmfile-validate/main.go:939.3,939.16 1 0
github.com/seredavin/helmfile-validate/main.go:942.2,942.27 1 0
github.com/seredavin/helmfile-validate/main.go:942.27,945.38 3 0
github.com/seredavin/helmfile-validate/main.go:945.38,947.34 2 0
github.com/seredavin/helmfile-validate/main.go:947.34,949.5 1 0
github.com/seredavin/helmfile-validate/main.go:951.3,951.16 1 0
github.com/seredavin/helmfile-validate/main.go:955.2,955.27 1 0
github.com/seredavin/helmfile-validate/main.go:955.27,958.37 3 0
github.com/seredavin/helmfile-validate/main.go:958.37,960.26 2 0
github.com/seredavin/helmfile-validate/main.go:960.26,962.5 1 0
github.com/seredavin/helmfile-validate/main.go:963.4,964.28 2 0
github.com/seredavin/helmfile-validate/main.go:964.28,966.5 1 0
github.com/seredavin/helmfile-validate/main.go:967.4,967.26 1 0
github.com/seredavin/helmfile-validate/main.go:967.26,969.5 1 0
github.com/seredavin/helmfile-validate/main.go:970.4,970.17 1 0
github.com/seredavin/helmfile-validate/main.go:975.2,975.52 1 0
github.com/seredavin/helmfile-validate/main.go:975.52,979.39 4 0
github.com/seredavin/helmfile-validate/main.go:979.39,981.4 1 0
github.com/seredavin/helmfile-validate/main.go:982.3,982.28 1 0
github.com/seredavin/helmfile-validate/main.go:982.28,984.4 1 0
github.com/seredavin/helmfile-validate/main.go:988.79,991.26 3 4
github.com/seredavin/helmfile-validate/main.go:991.26,993.3 1 4
github.com/seredavin/helmfile-validate/main.go:994.2,994.26 1 4
github.com/seredavin/helmfile-validate/main.go:994.26,995.22 1 16
github.com/seredavin/helmfile-validate/main.go:995.22,997.4 1 3
github.com/seredavin/helmfile-validate/main.go:999.2,999.17 1 4
github.com/seredavin/helmfile-validate/main.go:1002.25,1007.28 4 0
github.com/seredavin/helmfile-validate/main.go:1007.28,1009.3 1 0
github.com/seredavin/helmfile-validate/main.go:1010.2,1024.29 5 0
github.com/seredavin/helmfile-validate/main.go:1024.29,1025.29 1 0
github.com/seredavin/helmfile-validate/main.go:1025.29,1027.4 1 0
github.com/seredavin/helmfile-validate/main.go:1030.2,1031.29 2 0
github.com/seredavin/helmfile-validate/main.go:1031.29,1032.30 1 0
github.com/seredavin/helmfile-validate/main.go:1032.30,1034.4 1 0
github.com/seredavin/helmfile-validate/main.go:1037.2,1039.32 3 0
github.com/seredavin/helmfile-validate/main.go:1039.32,1041.3 1 0
github.com/seredavin/helmfile-validate/main.go:1045.50,1047.2 1 53
github.com/seredavin/helmfile-validate/main.go:1050.48,1065.31 4 64
github.com/seredavin/helmfile-validate/main.go:1065.31,1066.51 1 255
github.com/seredavin/helmfile-validate/main.go:1066.51,1067.70 1 119
github.com/seredavin/helmfile-validate/main.go:1067.70,1070.5 2 119
github.com/seredavin/helmfile-validate/main.go:1075.2,1081.44 4 64
github.com/seredavin/helmfile-validate/main.go:1081.44,1082.26 1 134
github.com/seredavin/helmfile-validate/main.go:1082.26,1083.12 1 0
github.com/seredavin/helmfile-validate/main.go:1086.3,1093.30 6 134
github.com/seredavin/helmfile-validate/main.go:1093.30,1095.56 2 516
github.com/seredavin/helmfile-validate/main.go:1095.56,1097.10 2 134
github.com/seredavin/helmfile-validate/main.go:1099.4,1099.27 1 382
github.com/seredavin/helmfile-validate/main.go:1103.3,1103.27 1 134
github.com/seredavin/helmfile-validate/main.go:1103.27,1107.26 3 134
github.com/seredavin/helmfile-validate/main.go:1107.26,1109.5 1 0
github.com/seredavin/helmfile-validate/main.go:1110.4,1110.34 1 134
github.com/seredavin/helmfile-validate/main.go:1110.34,1112.5 1 0
github.com/seredavin/helmfile-validate/main.go:1114.4,1115.46 2 134
github.com/seredavin/helmfile-validate/main.go:1115.46,1118.23 2 9
github.com/seredavin/helmfile-validate/main.go:1118.23,1121.39 2 9
github.com/seredavin/helmfile-validate/main.go:1121.39,1123.15 1 9
github.com/seredavin/helmfile-validate/main.go:1129.3,1132.63 2 125
github.com/seredavin/helmfile-validate/main.go:1132.63,1133.12 1 1
github.com/seredavin/helmfile-validate/main.go:1137.3,1158.74 9 124
github.com/seredavin/helmfile-validate/main.go:1158.74,1159.22 1 106
github.com/seredavin/helmfile-validate/main.go:1159.22,1161.5 1 106
github.com/seredavin/helmfile-validate/main.go:1164.3,1164.74 1 124
github.com/seredavin/helmfile-validate/main.go:1164.74,1165.22 1 8
github.com/seredavin/helmfile-validate/main.go:1165.22,1167.5 1 8
github.com/seredavin/helmfile-validate/main.go:1170.3,1170.74 1 124
github.com/seredavin/helmfile-validate/main.go:1170.74,1171.22 1 4
github.com/seredavin/helmfile-validate/main.go:1171.22,1173.5 1 4
github.com/seredavin/helmfile-validate/main.go:1176.3,1176.74 1 124
github.com/seredavin/helmfile-validate/main.go:1176.74,1177.22 1 27
github.com/seredavin/helmfile-validate/main.go:1177.22,1179.5 1 27
github.com/seredavin/helmfile-validate/main.go:1182.3,1182.74 1 124
github.com/seredavin/helmfile-validate/main.go:1182.74,1183.22 1 17
github.com/seredavin/helmfile-validate/main.go:1183.22,1185.5 1 17
github.com/seredavin/helmfile-validate/main.go:1188.3,1188.74 1 124
github.com/seredavin/helmfile-validate/main.go:1188.74,1189.22 1 93
github.com/seredavin/helmfile-validate/main.go:1189.22,1191.5 1 93
github.com/seredavin/helmfile-validate/main.go:1195.2,1195.14 1 64
github.com/seredavin/helmfile-validate/main.go:1198.49,1199.26 1 9
github.com/seredavin/helmfile-validate/main.go:1199.26,1200.16 1 11
github.com/seredavin/helmfile-validate/main.go:1200.16,1202.4 1 2
github.com/seredavin/helmfile-validate/main.go:1204.2,1204.14 1 7
